RestMetricsPropertyProviderTest is flaky, fails intermittently in Jenkins builds:

{noformat}
[ERROR] Tests run: 5, Failures: 1, Errors: 0, Skipped: 0, Time elapsed: 144.862 s <<< FAILURE! - in org.apache.ambari.server.controller.metrics.RestMetricsPropertyProviderTest
[ERROR] testRestMetricsPropertyProviderAsAdministrator(org.apache.ambari.server.controller.metrics.RestMetricsPropertyProviderTest)  Time elapsed: 0.294 s  <<< FAILURE!
java.lang.AssertionError: expected:<400> but was:<399>
	at org.apache.ambari.server.controller.metrics.RestMetricsPropertyProviderTest.testPopulateResourcesMany(RestMetricsPropertyProviderTest.java:466)
	at org.apache.ambari.server.controller.metrics.RestMetricsPropertyProviderTest.testRestMetricsPropertyProviderAsAdministrator(RestMetricsPropertyProviderTest.java:231)

[ERROR] Tests run: 5, Failures: 1, Errors: 0, Skipped: 0, Time elapsed: 147.514 s <<< FAILURE! - in org.apache.ambari.server.controller.metrics.RestMetricsPropertyProviderTest
[ERROR] testRestMetricsPropertyProviderAsAdministrator(org.apache.ambari.server.controller.metrics.RestMetricsPropertyProviderTest)  Time elapsed: 0.051 s  <<< FAILURE!
java.lang.AssertionError: expected:<1> but was:<0>
	at org.apache.ambari.server.controller.metrics.RestMetricsPropertyProviderTest.testPopulateResources(RestMetricsPropertyProviderTest.java:320)
	at org.apache.ambari.server.controller.metrics.RestMetricsPropertyProviderTest.testRestMetricsPropertyProviderAsAdministrator(RestMetricsPropertyProviderTest.java:227)

[ERROR] Tests run: 5, Failures: 1, Errors: 0, Skipped: 0, Time elapsed: 17.434 s <<< FAILURE! - in org.apache.ambari.server.controller.metrics.RestMetricsPropertyProviderTest
[ERROR] testRestMetricsPropertyProviderAsServiceAdministrator(org.apache.ambari.server.controller.metrics.RestMetricsPropertyProviderTest)  Time elapsed: 0.088 s  <<< FAILURE!
java.lang.AssertionError: expected:<400> but was:<0>
	at org.apache.ambari.server.controller.metrics.RestMetricsPropertyProviderTest.testPopulateResourcesMany(RestMetricsPropertyProviderTest.java:466)
	at org.apache.ambari.server.controller.metrics.RestMetricsPropertyProviderTest.testRestMetricsPropertyProviderAsServiceAdministrator(RestMetricsPropertyProviderTest.java:243)

[ERROR] Tests run: 5, Failures: 1, Errors: 0, Skipped: 0, Time elapsed: 17.376 s <<< FAILURE! - in org.apache.ambari.server.controller.metrics.RestMetricsPropertyProviderTest
[ERROR] testRestMetricsPropertyProviderAsServiceAdministrator(org.apache.ambari.server.controller.metrics.RestMetricsPropertyProviderTest)  Time elapsed: 0.098 s  <<< FAILURE!
java.lang.AssertionError: expected:<1> but was:<0>
	at org.apache.ambari.server.controller.metrics.RestMetricsPropertyProviderTest.testPopulateResources_singleProperty(RestMetricsPropertyProviderTest.java:359)
	at org.apache.ambari.server.controller.metrics.RestMetricsPropertyProviderTest.testRestMetricsPropertyProviderAsServiceAdministrator(RestMetricsPropertyProviderTest.java:240)
{noformat}