*The memory issue:*
I got locally:
{code:java}
[INFO] Tests run: 2, Failures: 0, Errors: 0, Skipped: 0, Time elapsed: 1.264 s - in org.apache.drill.exec.work.metadata.TestServerMetaProvider
[ERROR] Tests run: 19, Failures: 0, Errors: 2, Skipped: 0, Time elapsed: 7.713 s <<< FAILURE! - in org.apache.drill.exec.record.vector.TestValueVector
[ERROR] org.apache.drill.exec.record.vector.TestValueVector.testFixedVectorReallocation  Time elapsed: 0.084 s  <<< ERROR!
java.lang.Exception: Unexpected exception, expected<org.apache.drill.exec.exception.OversizedAllocationException> but was<org.apache.drill.exec.exception.OutOfMemoryException>
        at org.apache.drill.exec.record.vector.TestValueVector.testFixedVectorReallocation(TestValueVector.java:107)
Caused by: io.netty.util.internal.OutOfDirectMemoryError: failed to allocate 2147483644 byte(s) of direct memory (used: 872415232, max: 2621440000)
        at org.apache.drill.exec.record.vector.TestValueVector.testFixedVectorReallocation(TestValueVector.java:107)[ERROR] org.apache.drill.exec.record.vector.TestValueVector.testVariableVectorReallocation  Time elapsed: 0.013 s  <<< ERROR!
java.lang.Exception: Unexpected exception, expected<org.apache.drill.exec.exception.OversizedAllocationException> but was<org.apache.drill.exec.exception.OutOfMemoryException>
        at org.apache.drill.exec.record.vector.TestValueVector.testVariableVectorReallocation(TestValueVector.java:165)
Caused by: io.netty.util.internal.OutOfDirectMemoryError: failed to allocate 2147483647 byte(s) of direct memory (used: 872415232, max: 2621440000)
        at org.apache.drill.exec.record.vector.TestValueVector.testVariableVectorReallocation(TestValueVector.java:165)
{code}
for the command:
{code:java}
drill$ mvn install -V -ntp -DdirectMemoryMb=2500 -DmemoryMb=2000{code}
andÂ 
{code:java}
[INFO] Running org.apache.drill.exec.work.metadata.TestServerMetaProvider
[ERROR] Tests run: 19, Failures: 0, Errors: 2, Skipped: 0, Time elapsed: 6.358 s <<< FAILURE! - in org.apache.drill.exec.record.vector.TestValueVector
[ERROR] org.apache.drill.exec.record.vector.TestValueVector.testFixedVectorReallocation  Time elapsed: 0.048 s  <<< ERROR!
java.lang.Exception: Unexpected exception, expected<org.apache.drill.exec.exception.OversizedAllocationException> but was<org.apache.drill.exec.exception.OutOfMemoryException>
        at org.apache.drill.exec.record.vector.TestValueVector.testFixedVectorReallocation(TestValueVector.java:107)
Caused by: io.netty.util.internal.OutOfDirectMemoryError: failed to allocate 2147483644 byte(s) of direct memory (used: 989855744, max: 2936012800)
        at org.apache.drill.exec.record.vector.TestValueVector.testFixedVectorReallocation(TestValueVector.java:107)[ERROR] org.apache.drill.exec.record.vector.TestValueVector.testVariableVectorReallocation  Time elapsed: 0.008 s  <<< ERROR!
java.lang.Exception: Unexpected exception, expected<org.apache.drill.exec.exception.OversizedAllocationException> but was<org.apache.drill.exec.exception.OutOfMemoryException>
        at org.apache.drill.exec.record.vector.TestValueVector.testVariableVectorReallocation(TestValueVector.java:165)
Caused by: io.netty.util.internal.OutOfDirectMemoryError: failed to allocate 2147483647 byte(s) of direct memory (used: 989855744, max: 2936012800)
        at org.apache.drill.exec.record.vector.TestValueVector.testVariableVectorReallocation(TestValueVector.java:165)
{code}
for the command:
{code:java}
mvn install -V -ntp -DdirectMemoryMb=2800 -DmemoryMb=2000{code}

There are also intermittent failures for several test cases, details in comments.