Running org.apache.hadoop.io.compress.TestCodec
Tests run: 20, Failures: 1, Errors: 0, Skipped: 0, Time elapsed: 27.789 sec <<< FAILURE!
--
Running org.apache.hadoop.fs.viewfs.TestFSMainOperationsLocalFileSystem
Tests run: 98, Failures: 0, Errors: 98, Skipped: 0, Time elapsed: 1.633 sec <<< FAILURE!
--
Running org.apache.hadoop.fs.viewfs.TestViewFsTrash
Tests run: 1, Failures: 0, Errors: 1, Skipped: 0, Time elapsed: 0.658 sec <<< FAILURE!

----

TestCodec failed since I didn't pass -Pnative, the test could be improved to ensure snappy tests are skipped if native hadoop isn't present.