surefire report
{noformat}
2019-02-15 19:47:06,932 WARN  test (ContextHandler.java:log(2177)) - unavailable
java.lang.reflect.InvocationTargetException
        at java.base/jdk.internal.reflect.NativeConstructorAccessorImpl.newInstance0(Native Method)
        at java.base/jdk.internal.reflect.NativeConstructorAccessorImpl.newInstance(NativeConstructorAccessorI
mpl.java:62)
        at java.base/jdk.internal.reflect.DelegatingConstructorAccessorImpl.newInstance(DelegatingConstructorA
ccessorImpl.java:45)
        at java.base/java.lang.reflect.Constructor.newInstance(Constructor.java:490)
        at com.sun.jersey.spi.container.servlet.WebComponent.createResourceConfig(WebComponent.java:724)
        at com.sun.jersey.spi.container.servlet.WebComponent.createResourceConfig(WebComponent.java:674)
        at com.sun.jersey.spi.container.servlet.WebComponent.init(WebComponent.java:205)
        at com.sun.jersey.spi.container.servlet.ServletContainer.init(ServletContainer.java:394)
        at com.sun.jersey.spi.container.servlet.ServletContainer.init(ServletContainer.java:577)
        at javax.servlet.GenericServlet.init(GenericServlet.java:244)
        at org.eclipse.jetty.servlet.ServletHolder.initServlet(ServletHolder.java:643)
        at org.eclipse.jetty.servlet.ServletHolder.getServlet(ServletHolder.java:499)
        at org.eclipse.jetty.servlet.ServletHolder.ensureInstance(ServletHolder.java:791)
        at org.eclipse.jetty.servlet.ServletHolder.prepare(ServletHolder.java:776)
        at org.eclipse.jetty.servlet.ServletHandler.doHandle(ServletHandler.java:579)
        at org.eclipse.jetty.server.handler.ScopedHandler.handle(ScopedHandler.java:143)
        at org.eclipse.jetty.security.SecurityHandler.handle(SecurityHandler.java:548)
        at org.eclipse.jetty.server.session.SessionHandler.doHandle(SessionHandler.java:226)
        at org.eclipse.jetty.server.handler.ContextHandler.doHandle(ContextHandler.java:1180)
        at org.eclipse.jetty.servlet.ServletHandler.doScope(ServletHandler.java:512)
        at org.eclipse.jetty.server.session.SessionHandler.doScope(SessionHandler.java:185)
        at org.eclipse.jetty.server.handler.ContextHandler.doScope(ContextHandler.java:1112)
        at org.eclipse.jetty.server.handler.ScopedHandler.handle(ScopedHandler.java:141)
        at org.eclipse.jetty.server.handler.HandlerCollection.handle(HandlerCollection.java:119)
        at org.eclipse.jetty.server.handler.HandlerWrapper.handle(HandlerWrapper.java:134)
        at org.eclipse.jetty.server.Server.handle(Server.java:539)
        at org.eclipse.jetty.server.HttpChannel.handle(HttpChannel.java:333)
        at org.eclipse.jetty.server.HttpConnection.onFillable(HttpConnection.java:251)
        at org.eclipse.jetty.io.AbstractConnection$ReadCallback.succeeded(AbstractConnection.java:283)
        at org.eclipse.jetty.io.FillInterest.fillable(FillInterest.java:108)
        at org.eclipse.jetty.io.SelectChannelEndPoint$2.run(SelectChannelEndPoint.java:93)
        at org.eclipse.jetty.util.thread.QueuedThreadPool.runJob(QueuedThreadPool.java:671)
        at org.eclipse.jetty.util.thread.QueuedThreadPool$2.run(QueuedThreadPool.java:589)
        at java.base/java.lang.Thread.run(Thread.java:834)
Caused by: java.lang.IllegalArgumentException
        at jersey.repackaged.org.objectweb.asm.ClassReader.<init>(ClassReader.java:170)
        at jersey.repackaged.org.objectweb.asm.ClassReader.<init>(ClassReader.java:153)
        at jersey.repackaged.org.objectweb.asm.ClassReader.<init>(ClassReader.java:424)
        at com.sun.jersey.spi.scanning.AnnotationScannerListener.onProcess(AnnotationScannerListener.java:138)
        at com.sun.jersey.core.spi.scanning.uri.FileSchemeScanner$1.f(FileSchemeScanner.java:86)
        at com.sun.jersey.core.util.Closing.f(Closing.java:71)
        at com.sun.jersey.core.spi.scanning.uri.FileSchemeScanner.scanDirectory(FileSchemeScanner.java:83)
        at com.sun.jersey.core.spi.scanning.uri.FileSchemeScanner.scan(FileSchemeScanner.java:71)
        at com.sun.jersey.core.spi.scanning.PackageNamesScanner.scan(PackageNamesScanner.java:226)
        at com.sun.jersey.core.spi.scanning.PackageNamesScanner.scan(PackageNamesScanner.java:142)
        at com.sun.jersey.api.core.ScanningResourceConfig.init(ScanningResourceConfig.java:80)
        at com.sun.jersey.api.core.PackagesResourceConfig.init(PackagesResourceConfig.java:104)
        at com.sun.jersey.api.core.PackagesResourceConfig.<init>(PackagesResourceConfig.java:78)
        at com.sun.jersey.api.core.PackagesResourceConfig.<init>(PackagesResourceConfig.java:89)
        ... 34 more
{noformat}

Now Jersey does not support Java 11, https://github.com/eclipse-ee4j/jersey/issues/3965

I just ran TestHttpServer tests, including testJersey, with OpenJDK 11.0.3u7 (build 11.0.3+7-Ubuntu-1ubuntu1) on Ubuntu 19.04 (w/ branch-3.1.2 + HADOOP-12760 + HADOOP-15783 + HDFS-13932 + HADOOP-15775 + HADOOP-16016) and found this test passed. Probably already fixed in OpenJDK 11.0.3?
{code}
$JAVA_HOME=/usr/lib/jvm/java-1.11.0-openjdk-amd64 mvn test -fn -Dsurefire.printSummary -Dtest=TestHttpServer
..
[INFO] Running org.apache.hadoop.http.TestHttpServer
[INFO] Tests run: 23, Failures: 0, Errors: 0, Skipped: 0, Time elapsed: 2.854 s - in org.apache.hadoop.http.TestHttpServer
...
{code}

It would help if somebody would also verify this on their setup.

I verified the test passed with
* AdoptOpenJDK(HotSpot) 11.0.3+7 + MacOS 10.14.4
* OpenJDK 11.0.3+7-LTS + CentOS 7.6

However, when setting the javac target version to 11, the test failed with both environments.

[~ajisakaa] Thanks for verifying this.

Regarding javac target version, do you mean you've run *javac -source 11 -target 11*? I thought Hadoop still won't compile on JDK 11 yet.

bq. do you mean you've run javac -source 11 -target 11?
Yes. Now Apache Hadoop can compile on JDK 11. The following command can run successfully on trunk:
{noformat}
$ mvn install -DskipTests -Djavac.version=11
{noformat}
{{-Djavac.version=11}} means that the source and the target version are set to 11.
https://github.com/apache/hadoop/blob/release-3.2.0-RC1/hadoop-project/pom.xml#L1511

Sorry I forgot to reply. Thanks, [~aajisaka].

I tried to compile trunk with Zulu JDK 11.0.3 and succeeded (with default javac version 1.8) and I can verify that TestHttpServer#testJersey() passed (on both JDK 8u212 and 11.0.3). I just tried again and it still passed.

I also can confirm trunk compiles with *-Djavac.version=11* option but TestHttpServer#testJersey() fails as you mentioned. The failure looks very similar to Hadoop (trunk compiled with javac 1.8) running unit tests on 11.0.2. I wonder if we can just tune some related javac 11 default options back to 1.8 defaults to solve this problem.
{code}
[INFO] -------------------------------------------------------
[INFO]  T E S T S
[INFO] -------------------------------------------------------
[INFO] Running org.apache.hadoop.http.TestHttpServer
[ERROR] Tests run: 1, Failures: 0, Errors: 1, Skipped: 0, Time elapsed: 0.874 s <<< FAILURE! - in org.apache.hadoop.http.TestHttpServer
[ERROR] testJersey(org.apache.hadoop.http.TestHttpServer)  Time elapsed: 0.152 s  <<< ERROR!
java.io.IOException: Server returned HTTP response code: 500 for URL: http://localhost:55655/jersey/foo?op=bar
	at java.base/sun.net.www.protocol.http.HttpURLConnection.getInputStream0(HttpURLConnection.java:1913)
	at java.base/sun.net.www.protocol.http.HttpURLConnection.getInputStream(HttpURLConnection.java:1509)
	at org.apache.hadoop.http.HttpServerFunctionalTest.readOutput(HttpServerFunctionalTest.java:260)
	at org.apache.hadoop.http.TestHttpServer.testJersey(TestHttpServer.java:526)
	at java.base/jdk.internal.reflect.NativeMethodAccessorImpl.invoke0(Native Method)
	at java.base/jdk.internal.reflect.NativeMethodAccessorImpl.invoke(NativeMethodAccessorImpl.java:62)
	at java.base/jdk.internal.reflect.DelegatingMethodAccessorImpl.invoke(DelegatingMethodAccessorImpl.java:43)
	at java.base/java.lang.reflect.Method.invoke(Method.java:566)
	at org.junit.runners.model.FrameworkMethod$1.runReflectiveCall(FrameworkMethod.java:50)
	at org.junit.internal.runners.model.ReflectiveCallable.run(ReflectiveCallable.java:12)
	at org.junit.runners.model.FrameworkMethod.invokeExplosively(FrameworkMethod.java:47)
	at org.junit.internal.runners.statements.InvokeMethod.evaluate(InvokeMethod.java:17)
	at org.junit.rules.ExpectedException$ExpectedExceptionStatement.evaluate(ExpectedException.java:239)
	at org.junit.rules.RunRules.evaluate(RunRules.java:20)
	at org.junit.runners.ParentRunner.runLeaf(ParentRunner.java:325)
	at org.junit.runners.BlockJUnit4ClassRunner.runChild(BlockJUnit4ClassRunner.java:78)
	at org.junit.runners.BlockJUnit4ClassRunner.runChild(BlockJUnit4ClassRunner.java:57)
	at org.junit.runners.ParentRunner$3.run(ParentRunner.java:290)
	at org.junit.runners.ParentRunner$1.schedule(ParentRunner.java:71)
	at org.junit.runners.ParentRunner.runChildren(ParentRunner.java:288)
	at org.junit.runners.ParentRunner.access$000(ParentRunner.java:58)
	at org.junit.runners.ParentRunner$2.evaluate(ParentRunner.java:268)
	at org.junit.internal.runners.statements.RunBefores.evaluate(RunBefores.java:26)
	at org.junit.internal.runners.statements.RunAfters.evaluate(RunAfters.java:27)
	at org.junit.runners.ParentRunner.run(ParentRunner.java:363)
	at org.apache.maven.surefire.junit4.JUnit4Provider.execute(JUnit4Provider.java:365)
	at org.apache.maven.surefire.junit4.JUnit4Provider.executeWithRerun(JUnit4Provider.java:273)
	at org.apache.maven.surefire.junit4.JUnit4Provider.executeTestSet(JUnit4Provider.java:238)
	at org.apache.maven.surefire.junit4.JUnit4Provider.invoke(JUnit4Provider.java:159)
	at org.apache.maven.surefire.booter.ForkedBooter.invokeProviderInSameClassLoader(ForkedBooter.java:384)
	at org.apache.maven.surefire.booter.ForkedBooter.runSuitesInProcess(ForkedBooter.java:345)
	at org.apache.maven.surefire.booter.ForkedBooter.execute(ForkedBooter.java:126)
	at org.apache.maven.surefire.booter.ForkedBooter.main(ForkedBooter.java:418)

[INFO]
[INFO] Results:
[INFO]
[ERROR] Errors:
[ERROR]   TestHttpServer.testJersey:526->HttpServerFunctionalTest.readOutput:260 » IO Se...
[INFO]
[ERROR] Tests run: 1, Failures: 0, Errors: 1, Skipped: 0
{code}

Have we run all the existing unit tests with javac 11 compiled Hadoop trunk yet? If not I am happy to do that. Then we can continue to use this jira to track TestHttpServer#testJersey() failure for javac 11 Hadoop.

{quote}Have we run all the existing unit tests with javac 11 compiled Hadoop trunk yet? If not I am happy to do that. 
{quote}
I haven't run all the existing tests. Thank you for your help!

Sorry for the delay. But as OpenJDK 11.0.4 come out last month I get the chance to compile and test it with the new JDK 11 revision.

Goal: Run unit tests (might not include native code tests) with OpenJDK 11 with Java 11 target bytecode.

{code:title=Environment. Ubuntu 19.04}
$ JAVA_HOME=/usr/lib/jvm/java-1.11.0-openjdk-amd64 mvn -version
Apache Maven 3.6.0
Maven home: /usr/share/maven
Java version: 11.0.4, vendor: Ubuntu, runtime: /usr/lib/jvm/java-11-openjdk-amd64
Default locale: en, platform encoding: UTF-8
OS name: "linux", version: "5.0.0-1011-aws", arch: "amd64", family: "unix"
{code}

On latest trunk, commit hash 3cc0ace2037ee039fc2e97d5737e92d3cb64cc72, compiled with command:
{code:title=Compile command}
JAVA_HOME=/usr/lib/jvm/java-1.11.0-openjdk-amd64 mvn clean install -Pdist,native -DskipTests -Dmaven.javadoc.skip=true -Denforcer.skip=true -Drequire.zstd -Djavac.version=11 -e
{code}

Running unit tests with command:
{code:title=Test command}
JAVA_HOME=/usr/lib/jvm/java-1.11.0-openjdk-amd64 mvn test -fn -Dsurefire.printSummary
{code}

I will post the result when it finished.

The test finished in 10:55h:

{code}
[INFO] Reactor Summary for Apache Hadoop Main 3.3.0-SNAPSHOT:
[INFO]
[INFO] Apache Hadoop Main ................................. SUCCESS [  0.262 s]
[INFO] Apache Hadoop Build Tools .......................... SUCCESS [  2.501 s]
[INFO] Apache Hadoop Project POM .......................... SUCCESS [  0.441 s]
[INFO] Apache Hadoop Annotations .......................... SUCCESS [  0.353 s]
[INFO] Apache Hadoop Project Dist POM ..................... SUCCESS [  0.089 s]
[INFO] Apache Hadoop Assemblies ........................... SUCCESS [  0.080 s]
[INFO] Apache Hadoop Maven Plugins ........................ SUCCESS [  2.415 s]
[INFO] Apache Hadoop MiniKDC .............................. SUCCESS [  8.672 s]
[INFO] Apache Hadoop Auth ................................. SUCCESS [02:27 min]
[INFO] Apache Hadoop Auth Examples ........................ SUCCESS [  0.306 s]
[INFO] Apache Hadoop Common ............................... FAILURE [25:42 min]
[INFO] Apache Hadoop NFS .................................. SUCCESS [ 13.867 s]
[INFO] Apache Hadoop KMS .................................. FAILURE [ 58.597 s]
[INFO] Apache Hadoop Registry ............................. SUCCESS [ 26.619 s]
[INFO] Apache Hadoop Common Project ....................... SUCCESS [  0.035 s]
[INFO] Apache Hadoop HDFS Client .......................... SUCCESS [01:02 min]
[INFO] Apache Hadoop HDFS ................................. FAILURE [  04:06 h]
[INFO] Apache Hadoop HDFS Native Client ................... SUCCESS [  0.316 s]
[INFO] Apache Hadoop HttpFS ............................... FAILURE [02:12 min]
[INFO] Apache Hadoop HDFS-NFS ............................. SUCCESS [01:35 min]
[INFO] Apache Hadoop HDFS-RBF ............................. FAILURE [17:38 min]
[INFO] Apache Hadoop HDFS Project ......................... SUCCESS [  0.031 s]
[INFO] Apache Hadoop YARN ................................. SUCCESS [  0.030 s]
[INFO] Apache Hadoop YARN API ............................. SUCCESS [ 10.039 s]
[INFO] Apache Hadoop YARN Common .......................... SUCCESS [02:36 min]
[INFO] Apache Hadoop YARN Server .......................... SUCCESS [  0.034 s]
[INFO] Apache Hadoop YARN Server Common ................... SUCCESS [01:50 min]
[INFO] Apache Hadoop YARN NodeManager ..................... FAILURE [18:26 min]
[INFO] Apache Hadoop YARN Web Proxy ....................... SUCCESS [ 23.663 s]
[INFO] Apache Hadoop YARN ApplicationHistoryService ....... FAILURE [02:25 min]
[INFO] Apache Hadoop YARN Timeline Service ................ FAILURE [ 35.474 s]
[INFO] Apache Hadoop YARN ResourceManager ................. FAILURE [  01:08 h]
[INFO] Apache Hadoop YARN Server Tests .................... FAILURE [02:17 min]
[INFO] Apache Hadoop YARN Client .......................... SUCCESS [22:42 min]
[INFO] Apache Hadoop YARN SharedCacheManager .............. SUCCESS [ 13.587 s]
[INFO] Apache Hadoop YARN Timeline Plugin Storage ......... SUCCESS [02:03 min]
[INFO] Apache Hadoop YARN TimelineService HBase Backend ... SUCCESS [  0.024 s]
[INFO] Apache Hadoop YARN TimelineService HBase Common .... SUCCESS [  5.817 s]
[INFO] Apache Hadoop YARN TimelineService HBase Client .... SUCCESS [  6.228 s]
[INFO] Apache Hadoop YARN TimelineService HBase Servers ... SUCCESS [  0.026 s]
[INFO] Apache Hadoop YARN TimelineService HBase Server 1.2  SUCCESS [  0.759 s]
[INFO] Apache Hadoop YARN TimelineService HBase tests ..... FAILURE [10:46 min]
[INFO] Apache Hadoop YARN Router .......................... SUCCESS [01:10 min]
[INFO] Apache Hadoop YARN TimelineService DocumentStore ... FAILURE [  7.364 s]
[INFO] Apache Hadoop YARN Applications .................... SUCCESS [  0.023 s]
[INFO] Apache Hadoop YARN DistributedShell ................ FAILURE [18:54 min]
[INFO] Apache Hadoop YARN Unmanaged Am Launcher ........... SUCCESS [ 25.280 s]
[INFO] Apache Hadoop MapReduce Client ..................... SUCCESS [  0.086 s]
[INFO] Apache Hadoop MapReduce Core ....................... SUCCESS [03:49 min]
[INFO] Apache Hadoop MapReduce Common ..................... SUCCESS [ 26.742 s]
[INFO] Apache Hadoop MapReduce Shuffle .................... SUCCESS [  6.573 s]
[INFO] Apache Hadoop MapReduce App ........................ SUCCESS [07:39 min]
[INFO] Apache Hadoop MapReduce HistoryServer .............. SUCCESS [02:27 min]
[INFO] Apache Hadoop MapReduce JobClient .................. FAILURE [  01:59 h]
[INFO] Apache Hadoop Mini-Cluster ......................... SUCCESS [  1.068 s]
[INFO] Apache Hadoop YARN Services ........................ SUCCESS [  0.020 s]
[INFO] Apache Hadoop YARN Services Core ................... FAILURE [16:00 min]
[INFO] Apache Hadoop YARN Services API .................... SUCCESS [01:18 min]
[INFO] Apache Hadoop YARN Application Catalog ............. SUCCESS [  0.022 s]
[INFO] Apache Hadoop YARN Application Catalog Webapp ...... SUCCESS [ 11.822 s]
[INFO] Apache Hadoop YARN Application Catalog Docker Image  SUCCESS [  0.072 s]
[INFO] Apache Hadoop YARN Application MaWo ................ SUCCESS [  0.022 s]
[INFO] Apache Hadoop YARN Application MaWo Core ........... SUCCESS [  1.310 s]
[INFO] Apache Hadoop YARN Site ............................ SUCCESS [  0.023 s]
[INFO] Apache Hadoop YARN Registry ........................ SUCCESS [  0.377 s]
[INFO] Apache Hadoop YARN UI .............................. SUCCESS [  0.020 s]
[INFO] Apache Hadoop YARN CSI ............................. SUCCESS [ 13.074 s]
[INFO] Apache Hadoop YARN Project ......................... SUCCESS [  0.725 s]
[INFO] Apache Hadoop MapReduce HistoryServer Plugins ...... SUCCESS [  1.547 s]
[INFO] Apache Hadoop MapReduce NativeTask ................. SUCCESS [05:13 min]
[INFO] Apache Hadoop MapReduce Uploader ................... SUCCESS [  6.227 s]
[INFO] Apache Hadoop MapReduce Examples ................... SUCCESS [ 14.953 s]
[INFO] Apache Hadoop MapReduce ............................ SUCCESS [  0.116 s]
[INFO] Apache Hadoop MapReduce Streaming .................. SUCCESS [04:59 min]
[INFO] Apache Hadoop Distributed Copy ..................... SUCCESS [09:39 min]
[INFO] Apache Hadoop Client Aggregator .................... SUCCESS [  1.133 s]
[INFO] Apache Hadoop Dynamometer Workload Simulator ....... SUCCESS [ 28.025 s]
[INFO] Apache Hadoop Dynamometer Cluster Simulator ........ FAILURE [  3.315 s]
[INFO] Apache Hadoop Dynamometer Block Listing Generator .. SUCCESS [ 11.925 s]
[INFO] Apache Hadoop Dynamometer Dist ..................... SUCCESS [  1.009 s]
[INFO] Apache Hadoop Dynamometer .......................... SUCCESS [  0.020 s]
[INFO] Apache Hadoop Archives ............................. SUCCESS [ 22.951 s]
[INFO] Apache Hadoop Archive Logs ......................... SUCCESS [ 19.538 s]
[INFO] Apache Hadoop Rumen ................................ SUCCESS [  3.709 s]
[INFO] Apache Hadoop Gridmix .............................. SUCCESS [15:08 min]
[INFO] Apache Hadoop Data Join ............................ SUCCESS [  6.816 s]
[INFO] Apache Hadoop Extras ............................... SUCCESS [ 23.776 s]
[INFO] Apache Hadoop Pipes ................................ SUCCESS [  0.026 s]
[INFO] Apache Hadoop OpenStack support .................... SUCCESS [  0.367 s]
[INFO] Apache Hadoop Amazon Web Services support .......... SUCCESS [04:47 min]
[INFO] Apache Hadoop Kafka Library support ................ SUCCESS [  2.006 s]
[INFO] Apache Hadoop Azure support ........................ SUCCESS [02:05 min]
[INFO] Apache Hadoop Aliyun OSS support ................... SUCCESS [  0.224 s]
[INFO] Apache Hadoop Scheduler Load Simulator ............. FAILURE [05:49 min]
[INFO] Apache Hadoop Resource Estimator Service ........... FAILURE [ 12.803 s]
[INFO] Apache Hadoop Azure Data Lake support .............. SUCCESS [ 24.865 s]
[INFO] Apache Hadoop Image Generation Tool ................ SUCCESS [  3.127 s]
[INFO] Apache Hadoop Tools Dist ........................... SUCCESS [  0.852 s]
[INFO] Apache Hadoop Tools ................................ SUCCESS [  0.019 s]
[INFO] Apache Hadoop Client API ........................... SUCCESS [  1.170 s]
[INFO] Apache Hadoop Client Runtime ....................... SUCCESS [  0.502 s]
[INFO] Apache Hadoop Client Packaging Invariants .......... SUCCESS [  0.144 s]
[INFO] Apache Hadoop Client Test Minicluster .............. SUCCESS [  2.491 s]
[INFO] Apache Hadoop Client Packaging Invariants for Test . SUCCESS [  0.086 s]
[INFO] Apache Hadoop Client Packaging Integration Tests ... SUCCESS [  0.073 s]
[INFO] Apache Hadoop Distribution ......................... SUCCESS [  0.134 s]
[INFO] Apache Hadoop Client Modules ....................... SUCCESS [  0.019 s]
[INFO] Apache Hadoop Cloud Storage ........................ SUCCESS [  0.503 s]
[INFO] Apache Hadoop Cloud Storage Project ................ SUCCESS [  0.019 s]
[INFO] ------------------------------------------------------------------------
[INFO] BUILD FAILURE
[INFO] ------------------------------------------------------------------------
[INFO] Total time:  10:55 h
[INFO] Finished at: 2019-08-08T03:11:08-07:00
[INFO] ------------------------------------------------------------------------
[ERROR] Failed to execute goal org.apache.maven.plugins:maven-surefire-plugin:3.
0.0-M1:test (default-test) on project hadoop-common: There are test failures.
[ERROR]
[ERROR] Please refer to /home/systest/trunk/hadoop-common-project/hadoop-common/
target/surefire-reports for the individual test results.
[ERROR] Please refer to dump files (if any exist) [date].dump, [date]-jvmRun[N].
dump and [date].dumpstream.
[ERROR] -> [Help 1]
[ERROR] Failed to execute goal org.apache.maven.plugins:maven-surefire-plugin:3.
0.0-M1:test (default-test) on project hadoop-kms: There are test failures.
[ERROR]
[ERROR] Please refer to /home/systest/trunk/hadoop-common-project/hadoop-kms/tar
get/surefire-reports for the individual test results.
[ERROR] Please refer to dump files (if any exist) [date].dump, [date]-jvmRun[N].
dump and [date].dumpstream.
[ERROR] -> [Help 1]
[ERROR] Failed to execute goal org.apache.maven.plugins:maven-surefire-plugin:3.
0.0-M1:test (default-test) on project hadoop-hdfs: There are test failures.
[ERROR]
[ERROR] Please refer to /home/systest/trunk/hadoop-hdfs-project/hadoop-hdfs/targ
et/surefire-reports for the individual test results.
[ERROR] Please refer to dump files (if any exist) [date].dump, [date]-jvmRun[N].
dump and [date].dumpstream.
[ERROR] -> [Help 1]
[ERROR] Failed to execute goal org.apache.maven.plugins:maven-surefire-plugin:3.
0.0-M1:test (default-test) on project hadoop-hdfs-httpfs: There are test failure
s.
[ERROR]
[ERROR] Please refer to /home/systest/trunk/hadoop-hdfs-project/hadoop-hdfs-http
fs/target/surefire-reports for the individual test results.
[ERROR] Please refer to dump files (if any exist) [date].dump, [date]-jvmRun[N].
dump and [date].dumpstream.
[ERROR] -> [Help 1]
[ERROR] Failed to execute goal org.apache.maven.plugins:maven-surefire-plugin:3.
0.0-M1:test (default-test) on project hadoop-hdfs-rbf: There are test failures.
[ERROR]
[ERROR] Please refer to /home/systest/trunk/hadoop-hdfs-project/hadoop-hdfs-rbf/
target/surefire-reports for the individual test results.
[ERROR] Please refer to dump files (if any exist) [date].dump, [date]-jvmRun[N].
dump and [date].dumpstream.
[ERROR] -> [Help 1]
[ERROR] Failed to execute goal org.apache.maven.plugins:maven-surefire-plugin:3.
0.0-M1:test (default-test) on project hadoop-yarn-server-nodemanager: There are
test failures.
[ERROR]
[ERROR] Please refer to /home/systest/trunk/hadoop-yarn-project/hadoop-yarn/hado
op-yarn-server/hadoop-yarn-server-nodemanager/target/surefire-reports for the in
dividual test results.
[ERROR] Please refer to dump files (if any exist) [date].dump, [date]-jvmRun[N].
dump and [date].dumpstream.
[ERROR] -> [Help 1]
[ERROR] Failed to execute goal org.apache.maven.plugins:maven-surefire-plugin:3.
0.0-M1:test (default-test) on project hadoop-yarn-server-applicationhistoryservi
ce: There are test failures.
[ERROR]
[ERROR] Please refer to /home/systest/trunk/hadoop-yarn-project/hadoop-yarn/hado
op-yarn-server/hadoop-yarn-server-applicationhistoryservice/target/surefire-repo
rts for the individual test results.
[ERROR] Please refer to dump files (if any exist) [date].dump, [date]-jvmRun[N].
dump and [date].dumpstream.
[ERROR] -> [Help 1]
[ERROR] Failed to execute goal org.apache.maven.plugins:maven-surefire-plugin:3.
0.0-M1:test (default-test) on project hadoop-yarn-server-timelineservice: There
are test failures.
[ERROR]
[ERROR] Please refer to /home/systest/trunk/hadoop-yarn-project/hadoop-yarn/hado
op-yarn-server/hadoop-yarn-server-timelineservice/target/surefire-reports for th
e individual test results.
[ERROR] Please refer to dump files (if any exist) [date].dump, [date]-jvmRun[N].
dump and [date].dumpstream.
[ERROR] -> [Help 1]
[ERROR] Failed to execute goal org.apache.maven.plugins:maven-surefire-plugin:3.
0.0-M1:test (default-test) on project hadoop-yarn-server-resourcemanager: There
are test failures.
[ERROR]
[ERROR] Please refer to /home/systest/trunk/hadoop-yarn-project/hadoop-yarn/hado
op-yarn-server/hadoop-yarn-server-resourcemanager/target/surefire-reports for th
e individual test results.
[ERROR] Please refer to dump files (if any exist) [date].dump, [date]-jvmRun[N].
dump and [date].dumpstream.
[ERROR] -> [Help 1]
[ERROR] Failed to execute goal org.apache.maven.plugins:maven-surefire-plugin:3.
0.0-M1:test (default-test) on project hadoop-yarn-server-tests: There are test f
ailures.
[ERROR]
[ERROR] Please refer to /home/systest/trunk/hadoop-yarn-project/hadoop-yarn/hado
op-yarn-server/hadoop-yarn-server-tests/target/surefire-reports for the individu
al test results.
[ERROR] Please refer to dump files (if any exist) [date].dump, [date]-jvmRun[N].
dump and [date].dumpstream.
[ERROR] -> [Help 1]
[ERROR] Failed to execute goal org.apache.maven.plugins:maven-surefire-plugin:3.
0.0-M1:test (default-test) on project hadoop-yarn-server-timelineservice-hbase-t
ests: There are test failures.
[ERROR]
[ERROR] Please refer to /home/systest/trunk/hadoop-yarn-project/hadoop-yarn/hado
op-yarn-server/hadoop-yarn-server-timelineservice-hbase-tests/target/surefire-re
ports for the individual test results.
[ERROR] Please refer to dump files (if any exist) [date].dump, [date]-jvmRun[N].
dump and [date].dumpstream.
[ERROR] -> [Help 1]
[ERROR] Failed to execute goal org.apache.maven.plugins:maven-surefire-plugin:3.
0.0-M1:test (default-test) on project hadoop-yarn-server-timelineservice-documen
tstore: There are test failures.
[ERROR]
[ERROR] Please refer to /home/systest/trunk/hadoop-yarn-project/hadoop-yarn/hado
op-yarn-server/hadoop-yarn-server-timelineservice-documentstore/target/surefire-
reports for the individual test results.
[ERROR] Please refer to dump files (if any exist) [date].dump, [date]-jvmRun[N].
dump and [date].dumpstream.
[ERROR] -> [Help 1]
[ERROR] Failed to execute goal org.apache.maven.plugins:maven-surefire-plugin:3.
0.0-M1:test (default-test) on project hadoop-yarn-applications-distributedshell:
 There are test failures.
[ERROR]
[ERROR] Please refer to /home/systest/trunk/hadoop-yarn-project/hadoop-yarn/hado
op-yarn-applications/hadoop-yarn-applications-distributedshell/target/surefire-r
eports for the individual test results.
[ERROR] Please refer to dump files (if any exist) [date].dump, [date]-jvmRun[N].
dump and [date].dumpstream.
[ERROR] -> [Help 1]
[ERROR] Failed to execute goal org.apache.maven.plugins:maven-surefire-plugin:3.
0.0-M1:test (default-test) on project hadoop-mapreduce-client-jobclient: There w
as a timeout or other error in the fork -> [Help 1]
[ERROR] Failed to execute goal org.apache.maven.plugins:maven-surefire-plugin:3.
0.0-M1:test (default-test) on project hadoop-yarn-services-core: There are test
failures.
[ERROR]
[ERROR] Please refer to /home/systest/trunk/hadoop-yarn-project/hadoop-yarn/hado
op-yarn-applications/hadoop-yarn-services/hadoop-yarn-services-core/target/suref
ire-reports for the individual test results.
[ERROR] Please refer to dump files (if any exist) [date].dump, [date]-jvmRun[N].
dump and [date].dumpstream.
[ERROR] -> [Help 1]
[ERROR] Failed to execute goal org.apache.maven.plugins:maven-surefire-plugin:3.
0.0-M1:test (default-test) on project hadoop-dynamometer-infra: There are test f
ailures.
[ERROR]
[ERROR] Please refer to /home/systest/trunk/hadoop-tools/hadoop-dynamometer/hado
op-dynamometer-infra/target/surefire-reports for the individual test results.
[ERROR] Please refer to dump files (if any exist) [date].dump, [date]-jvmRun[N].
dump and [date].dumpstream.
[ERROR] -> [Help 1]
[ERROR] Failed to execute goal org.apache.maven.plugins:maven-surefire-plugin:3.
0.0-M1:test (default-test) on project hadoop-sls: There are test failures.
[ERROR]
[ERROR] Please refer to /home/systest/trunk/hadoop-tools/hadoop-sls/target/suref
ire-reports for the individual test results.
[ERROR] Please refer to dump files (if any exist) [date].dump, [date]-jvmRun[N].
dump and [date].dumpstream.
[ERROR] -> [Help 1]
[ERROR] Failed to execute goal org.apache.maven.plugins:maven-surefire-plugin:3.
0.0-M1:test (default-test) on project hadoop-resourceestimator: There are test f
ailures.
[ERROR]
[ERROR] Please refer to /home/systest/trunk/hadoop-tools/hadoop-resourceestimato
r/target/surefire-reports for the individual test results.
[ERROR] Please refer to dump files (if any exist) [date].dump, [date]-jvmRun[N].
dump and [date].dumpstream.
[ERROR] -> [Help 1]
[ERROR]
[ERROR] To see the full stack trace of the errors, re-run Maven with the -e swit
ch.
[ERROR] Re-run Maven using the -X switch to enable full debug logging.
[ERROR]
[ERROR] For more information about the errors and possible solutions, please rea
d the following articles:
[ERROR] [Help 1] http://cwiki.apache.org/confluence/display/MAVEN/MojoFailureExc
eption
[ERROR]
[ERROR] After correcting the problems, you can resume the build with the command
[ERROR]   mvn <goals> -rf :hadoop-common
[INFO] Build failures were ignored.
{code}

 [^mvn-test-11.0.4.log] 

Still seeing similar HTTP server error in hadoop-common as 11.0.3 with JDK 11.0.4.

{code}
[INFO] Running org.apache.hadoop.http.TestHttpServer
[ERROR] Tests run: 26, Failures: 0, Errors: 1, Skipped: 0, Time elapsed: 2.855 s
 <<< FAILURE! - in org.apache.hadoop.http.TestHttpServer
[ERROR] testJersey(org.apache.hadoop.http.TestHttpServer)  Time elapsed: 0.048 s
  <<< ERROR!
java.io.IOException: Server returned HTTP response code: 500 for URL: http://loc
alhost:33549/jersey/foo?op=bar
        at java.base/sun.net.www.protocol.http.HttpURLConnection.getInputStream0
(HttpURLConnection.java:1919)
        at java.base/sun.net.www.protocol.http.HttpURLConnection.getInputStream(
HttpURLConnection.java:1515)
        at org.apache.hadoop.http.HttpServerFunctionalTest.readOutput(HttpServer
FunctionalTest.java:260)
        at org.apache.hadoop.http.TestHttpServer.testJersey(TestHttpServer.java:
526)
        at java.base/jdk.internal.reflect.NativeMethodAccessorImpl.invoke0(Nativ
e Method)
        at java.base/jdk.internal.reflect.NativeMethodAccessorImpl.invoke(Native
MethodAccessorImpl.java:62)
        at java.base/jdk.internal.reflect.DelegatingMethodAccessorImpl.invoke(De
legatingMethodAccessorImpl.java:43)
        at java.base/java.lang.reflect.Method.invoke(Method.java:566)
        at org.junit.runners.model.FrameworkMethod$1.runReflectiveCall(Framework
Method.java:50)
        at org.junit.internal.runners.model.ReflectiveCallable.run(ReflectiveCal
lable.java:12)
        at org.junit.runners.model.FrameworkMethod.invokeExplosively(FrameworkMe
thod.java:47)
        at org.junit.internal.runners.statements.InvokeMethod.evaluate(InvokeMet
hod.java:17)
        at org.junit.rules.ExpectedException$ExpectedExceptionStatement.evaluate
(ExpectedException.java:239)
        at org.junit.rules.RunRules.evaluate(RunRules.java:20)
        at org.junit.runners.ParentRunner.runLeaf(ParentRunner.java:325)
        at org.junit.runners.BlockJUnit4ClassRunner.runChild(BlockJUnit4ClassRun
ner.java:78)
        at org.junit.runners.BlockJUnit4ClassRunner.runChild(BlockJUnit4ClassRun
ner.java:57)
        at org.junit.runners.ParentRunner$3.run(ParentRunner.java:290)
        at org.junit.runners.ParentRunner$1.schedule(ParentRunner.java:71)
        at org.junit.runners.ParentRunner.runChildren(ParentRunner.java:288)
        at org.junit.runners.ParentRunner.access$000(ParentRunner.java:58)
        at org.junit.runners.ParentRunner$2.evaluate(ParentRunner.java:268)
        at org.junit.internal.runners.statements.RunBefores.evaluate(RunBefores.
java:26)
        at org.junit.internal.runners.statements.RunAfters.evaluate(RunAfters.ja
va:27)
        at org.junit.runners.ParentRunner.run(ParentRunner.java:363)
        at org.apache.maven.surefire.junit4.JUnit4Provider.execute(JUnit4Provide
r.java:365)
        at org.apache.maven.surefire.junit4.JUnit4Provider.executeWithRerun(JUni
t4Provider.java:273)
        at org.apache.maven.surefire.junit4.JUnit4Provider.executeTestSet(JUnit4
Provider.java:238)
        at org.apache.maven.surefire.junit4.JUnit4Provider.invoke(JUnit4Provider
.java:159)
        at org.apache.maven.surefire.booter.ForkedBooter.invokeProviderInSameCla
ssLoader(ForkedBooter.java:384)
        at org.apache.maven.surefire.booter.ForkedBooter.runSuitesInProcess(Fork
edBooter.java:345)
        at org.apache.maven.surefire.booter.ForkedBooter.execute(ForkedBooter.ja
va:126)
        at org.apache.maven.surefire.booter.ForkedBooter.main(ForkedBooter.java:
418)

{code}

[~aajisaka] I believe the root cause is still Jersey. Now that Jersey 2.29 has been released it states support for JDK 11: http://blog.supol.cz/?p=144

Make sure to use this surefire parameter to repeat tests & rule out flakiness: mvn -Dsurefire.rerunFailingTestsCount=2 test 
https://maven.apache.org/surefire/maven-surefire-plugin/examples/rerun-failing-tests.html

Looks like there's no other way than migrating to Jersey 2: HADOOP-15984

Now that jetty 9.4.20 is in trunk (which supports JDK 11, done in HADOOP-16152), I ran the same test {{TestHttpServer#testJersey}} both on the Ubuntu box and locally on my Mac with {{-Djavac.version=11}} option when compiling. Both got the same error 500. I also took some time to confirm that indeed the root cause is in jersey itself. The proper way is to upgrade jersey: HADOOP-15984.

-But is there another way to workaround this? Somehow let the code that uses jersey compile to java 8 byte code even though {{-Djavac.version=11}} is specified.-

I see great progress is being made in PR#763 - HADOOP-15984. Thanks [~aajisaka]!

[~smeng] Thank you for running the test with the latest version of Jetty.

I'm trying to upgrade Jersey in the PR#763 but I'm facing many problems. Any helps and suggestions are welcome.

