It seems that when tests are run in parallel the port 9095 (HBase Thrift Server Web UI) is always in use ("java.net.BindException: Port in use: 0.0.0.0:9095"). This patch assigns the infoport randomly in the test similar how it is done with the Thrift server port.

| (/) *{color:green}+1 overall{color}* |
\\
\\
|| Vote || Subsystem || Runtime || Comment ||
| {color:blue}0{color} | {color:blue} reexec {color} | {color:blue} 0m 15s {color} | {color:blue} Docker mode activated. {color} |
| {color:green}+1{color} | {color:green} hbaseanti {color} | {color:green} 0m 0s {color} | {color:green} Patch does not have any anti-patterns. {color} |
| {color:green}+1{color} | {color:green} @author {color} | {color:green} 0m 0s {color} | {color:green} The patch does not contain any @author tags. {color} |
| {color:green}+1{color} | {color:green} test4tests {color} | {color:green} 0m 0s {color} | {color:green} The patch appears to include 1 new or modified test files. {color} |
| {color:green}+1{color} | {color:green} mvninstall {color} | {color:green} 2m 46s {color} | {color:green} master passed {color} |
| {color:green}+1{color} | {color:green} compile {color} | {color:green} 0m 18s {color} | {color:green} master passed {color} |
| {color:green}+1{color} | {color:green} checkstyle {color} | {color:green} 0m 23s {color} | {color:green} master passed {color} |
| {color:green}+1{color} | {color:green} mvneclipse {color} | {color:green} 0m 14s {color} | {color:green} master passed {color} |
| {color:green}+1{color} | {color:green} findbugs {color} | {color:green} 0m 57s {color} | {color:green} master passed {color} |
| {color:green}+1{color} | {color:green} javadoc {color} | {color:green} 0m 18s {color} | {color:green} master passed {color} |
| {color:green}+1{color} | {color:green} mvninstall {color} | {color:green} 0m 19s {color} | {color:green} the patch passed {color} |
| {color:green}+1{color} | {color:green} compile {color} | {color:green} 0m 19s {color} | {color:green} the patch passed {color} |
| {color:green}+1{color} | {color:green} javac {color} | {color:green} 0m 19s {color} | {color:green} the patch passed {color} |
| {color:green}+1{color} | {color:green} checkstyle {color} | {color:green} 0m 22s {color} | {color:green} the patch passed {color} |
| {color:green}+1{color} | {color:green} mvneclipse {color} | {color:green} 0m 14s {color} | {color:green} the patch passed {color} |
| {color:green}+1{color} | {color:green} whitespace {color} | {color:green} 0m 0s {color} | {color:green} The patch has no whitespace issues. {color} |
| {color:green}+1{color} | {color:green} hadoopcheck {color} | {color:green} 24m 47s {color} | {color:green} Patch does not cause any errors with Hadoop 2.6.1 2.6.2 2.6.3 2.6.4 2.6.5 2.7.1 2.7.2 2.7.3 or 3.0.0-alpha2. {color} |
| {color:green}+1{color} | {color:green} findbugs {color} | {color:green} 1m 2s {color} | {color:green} the patch passed {color} |
| {color:green}+1{color} | {color:green} javadoc {color} | {color:green} 0m 18s {color} | {color:green} the patch passed {color} |
| {color:green}+1{color} | {color:green} unit {color} | {color:green} 1m 22s {color} | {color:green} hbase-thrift in the patch passed. {color} |
| {color:green}+1{color} | {color:green} asflicense {color} | {color:green} 0m 8s {color} | {color:green} The patch does not generate ASF License warnings. {color} |
| {color:black}{color} | {color:black} {color} | {color:black} 34m 23s {color} | {color:black} {color} |
\\
\\
|| Subsystem || Report/Notes ||
| Docker | Client=1.12.3 Server=1.12.3 Image:yetus/hbase:8d52d23 |
| JIRA Patch URL | https://issues.apache.org/jira/secure/attachment/12855945/HBASE-17703.master.001.patch |
| JIRA Issue | HBASE-17703 |
| Optional Tests |  asflicense  javac  javadoc  unit  findbugs  hadoopcheck  hbaseanti  checkstyle  compile  |
| uname | Linux 633044f64309 4.4.0-43-generic #63-Ubuntu SMP Wed Oct 12 13:48:03 UTC 2016 x86_64 x86_64 x86_64 GNU/Linux |
| Build tool | maven |
| Personality | /home/jenkins/jenkins-slave/workspace/PreCommit-HBASE-Build/component/dev-support/hbase-personality.sh |
| git revision | master / 678ad0e |
| Default Java | 1.8.0_121 |
| findbugs | v3.0.0 |
|  Test Results | https://builds.apache.org/job/PreCommit-HBASE-Build/5935/testReport/ |
| modules | C: hbase-thrift U: hbase-thrift |
| Console output | https://builds.apache.org/job/PreCommit-HBASE-Build/5935/console |
| Powered by | Apache Yetus 0.3.0   http://yetus.apache.org |


This message was automatically generated.



Thanks for the patch, Jan.

SUCCESS: Integrated in Jenkins build HBase-Trunk_matrix #2607 (See [https://builds.apache.org/job/HBase-Trunk_matrix/2607/])
HBASE-17703 Added random infoport to TestThriftServerCmdLine (tedyu: rev d3bf246421407dd811ac1c96bc5aa7b7a32dc94a)
* (edit) hbase-thrift/src/test/java/org/apache/hadoop/hbase/thrift/TestThriftServerCmdLine.java


I ran into the same error for a branch-1.3 backport with HBASE-18967.
https://builds.apache.org/job/PreCommit-HBASE-Build/9050/artifact/patchprocess/patch-unit-hbase-thrift.txt

Should we backport this fix to previous branches?

CC: [~chia7712], [~mantonov]

{code}
-------------------------------------------------------
 T E S T S
-------------------------------------------------------
Running org.apache.hadoop.hbase.thrift.TestThriftServerCmdLine
Running org.apache.hadoop.hbase.thrift.TestThriftServer
Tests run: 2, Failures: 0, Errors: 0, Skipped: 0, Time elapsed: 92.878 sec - in org.apache.hadoop.hbase.thrift.TestThriftServer
Running org.apache.hadoop.hbase.thrift.TestCallQueue
Tests run: 18, Failures: 0, Errors: 0, Skipped: 0, Time elapsed: 0.558 sec - in org.apache.hadoop.hbase.thrift.TestCallQueue
Running org.apache.hadoop.hbase.thrift.TestThriftHttpServer
Tests run: 2, Failures: 0, Errors: 2, Skipped: 0, Time elapsed: 21.338 sec <<< FAILURE! - in org.apache.hadoop.hbase.thrift.TestThriftHttpServer
testRunThriftServer(org.apache.hadoop.hbase.thrift.TestThriftHttpServer)  Time elapsed: 10.107 sec  <<< ERROR!
java.lang.Exception: java.net.BindException: Port in use: 0.0.0.0:9095
	at org.apache.hadoop.hbase.thrift.TestThriftHttpServer.stopHttpServerThread(TestThriftHttpServer.java:200)
	at org.apache.hadoop.hbase.thrift.TestThriftHttpServer.runThriftServer(TestThriftHttpServer.java:151)
	at org.apache.hadoop.hbase.thrift.TestThriftHttpServer.testRunThriftServer(TestThriftHttpServer.java:126)
Caused by: java.net.BindException: Port in use: 0.0.0.0:9095
	at org.apache.hadoop.hbase.http.HttpServer.openListeners(HttpServer.java:1017)
	at org.apache.hadoop.hbase.http.HttpServer.start(HttpServer.java:953)
	at org.apache.hadoop.hbase.http.InfoServer.start(InfoServer.java:91)
	at org.apache.hadoop.hbase.thrift.ThriftServer.doMain(ThriftServer.java:104)
	at org.apache.hadoop.hbase.thrift.TestThriftHttpServer$1.run(TestThriftHttpServer.java:94)
	at java.lang.Thread.run(Thread.java:748)
Caused by: java.net.BindException: Address already in use
	at sun.nio.ch.Net.bind0(Native Method)
	at sun.nio.ch.Net.bind(Net.java:463)
	at sun.nio.ch.Net.bind(Net.java:455)
	at sun.nio.ch.ServerSocketChannelImpl.bind(ServerSocketChannelImpl.java:223)
	at sun.nio.ch.ServerSocketAdaptor.bind(ServerSocketAdaptor.java:74)
	at org.mortbay.jetty.nio.SelectChannelConnector.open(SelectChannelConnector.java:216)
	at org.apache.hadoop.hbase.http.HttpServer.openListeners(HttpServer.java:1012)
	at org.apache.hadoop.hbase.http.HttpServer.start(HttpServer.java:953)
	at org.apache.hadoop.hbase.http.InfoServer.start(InfoServer.java:91)
	at org.apache.hadoop.hbase.thrift.ThriftServer.doMain(ThriftServer.java:104)
	at org.apache.hadoop.hbase.thrift.TestThriftHttpServer$1.run(TestThriftHttpServer.java:94)
	at java.lang.Thread.run(Thread.java:748)

testRunThriftServerWithHeaderBufferLength(org.apache.hadoop.hbase.thrift.TestThriftHttpServer)  Time elapsed: 10.053 sec  <<< ERROR!
java.lang.Exception: java.net.BindException: Port in use: 0.0.0.0:9095
	at org.apache.hadoop.hbase.thrift.TestThriftHttpServer.stopHttpServerThread(TestThriftHttpServer.java:200)
	at org.apache.hadoop.hbase.thrift.TestThriftHttpServer.runThriftServer(TestThriftHttpServer.java:151)
	at org.apache.hadoop.hbase.thrift.TestThriftHttpServer.testRunThriftServerWithHeaderBufferLength(TestThriftHttpServer.java:113)
Caused by: java.net.BindException: Port in use: 0.0.0.0:9095
	at org.apache.hadoop.hbase.http.HttpServer.openListeners(HttpServer.java:1017)
	at org.apache.hadoop.hbase.http.HttpServer.start(HttpServer.java:953)
	at org.apache.hadoop.hbase.http.InfoServer.start(InfoServer.java:91)
	at org.apache.hadoop.hbase.thrift.ThriftServer.doMain(ThriftServer.java:104)
	at org.apache.hadoop.hbase.thrift.TestThriftHttpServer$1.run(TestThriftHttpServer.java:94)
	at java.lang.Thread.run(Thread.java:748)
Caused by: java.net.BindException: Address already in use
	at sun.nio.ch.Net.bind0(Native Method)
	at sun.nio.ch.Net.bind(Net.java:463)
	at sun.nio.ch.Net.bind(Net.java:455)
	at sun.nio.ch.ServerSocketChannelImpl.bind(ServerSocketChannelImpl.java:223)
	at sun.nio.ch.ServerSocketAdaptor.bind(ServerSocketAdaptor.java:74)
	at org.mortbay.jetty.nio.SelectChannelConnector.open(SelectChannelConnector.java:216)
	at org.apache.hadoop.hbase.http.HttpServer.openListeners(HttpServer.java:1012)
	at org.apache.hadoop.hbase.http.HttpServer.start(HttpServer.java:953)
	at org.apache.hadoop.hbase.http.InfoServer.start(InfoServer.java:91)
	at org.apache.hadoop.hbase.thrift.ThriftServer.doMain(ThriftServer.java:104)
	at org.apache.hadoop.hbase.thrift.TestThriftHttpServer$1.run(TestThriftHttpServer.java:94)
	at java.lang.Thread.run(Thread.java:748)

Running org.apache.hadoop.hbase.thrift2.TestThriftHBaseServiceHandler
Tests run: 26, Failures: 0, Errors: 0, Skipped: 0, Time elapsed: 48.171 sec - in org.apache.hadoop.hbase.thrift2.TestThriftHBaseServiceHandler
Running org.apache.hadoop.hbase.thrift2.TestThriftHBaseServiceHandlerWithLabels
Tests run: 6, Failures: 0, Errors: 0, Skipped: 0, Time elapsed: 1.567 sec - in org.apache.hadoop.hbase.thrift2.TestThriftHBaseServiceHandlerWithLabels

Results :

Tests in error: 
  TestThriftHttpServer.testRunThriftServer:126->runThriftServer:151->stopHttpServerThread:200 
  TestThriftHttpServer.testRunThriftServerWithHeaderBufferLength:113->runThriftServer:151->stopHttpServerThread:200 

Tests run: 54, Failures: 0, Errors: 2, Skipped: 0
{code}

FAILURE: Integrated in Jenkins build HBase-1.2-JDK8 #263 (See [https://builds.apache.org/job/HBase-1.2-JDK8/263/])
HBASE-18996 Backport HBASE-17703 (TestThriftServerCmdLine is flaky in (chia7712: rev 4e9136e03aaeae6e6cf1426ca57ca4d8eb2f76cd)
* (edit) hbase-thrift/src/test/java/org/apache/hadoop/hbase/thrift/TestThriftServerCmdLine.java


FAILURE: Integrated in Jenkins build HBase-1.2-JDK7 #267 (See [https://builds.apache.org/job/HBase-1.2-JDK7/267/])
HBASE-18996 Backport HBASE-17703 (TestThriftServerCmdLine is flaky in (chia7712: rev 4e9136e03aaeae6e6cf1426ca57ca4d8eb2f76cd)
* (edit) hbase-thrift/src/test/java/org/apache/hadoop/hbase/thrift/TestThriftServerCmdLine.java


FAILURE: Integrated in Jenkins build HBase-1.3-JDK8 #352 (See [https://builds.apache.org/job/HBase-1.3-JDK8/352/])
HBASE-18996 Backport HBASE-17703 (TestThriftServerCmdLine is flaky in (chia7712: rev df419a16881c0efc434ab28e981d66fd1ade5353)
* (edit) hbase-thrift/src/test/java/org/apache/hadoop/hbase/thrift/TestThriftServerCmdLine.java


FAILURE: Integrated in Jenkins build HBase-1.3-JDK7 #335 (See [https://builds.apache.org/job/HBase-1.3-JDK7/335/])
HBASE-18996 Backport HBASE-17703 (TestThriftServerCmdLine is flaky in (chia7712: rev df419a16881c0efc434ab28e981d66fd1ade5353)
* (edit) hbase-thrift/src/test/java/org/apache/hadoop/hbase/thrift/TestThriftServerCmdLine.java


SUCCESS: Integrated in Jenkins build HBase-1.2-IT #1006 (See [https://builds.apache.org/job/HBase-1.2-IT/1006/])
HBASE-18996 Backport HBASE-17703 (TestThriftServerCmdLine is flaky in (chia7712: rev 4e9136e03aaeae6e6cf1426ca57ca4d8eb2f76cd)
* (edit) hbase-thrift/src/test/java/org/apache/hadoop/hbase/thrift/TestThriftServerCmdLine.java


SUCCESS: Integrated in Jenkins build HBase-1.3-IT #272 (See [https://builds.apache.org/job/HBase-1.3-IT/272/])
HBASE-18996 Backport HBASE-17703 (TestThriftServerCmdLine is flaky in (chia7712: rev df419a16881c0efc434ab28e981d66fd1ade5353)
* (edit) hbase-thrift/src/test/java/org/apache/hadoop/hbase/thrift/TestThriftServerCmdLine.java


