The patch is applicable to all branch-1 releases.

| (x) *{color:red}-1 overall{color}* |
\\
\\
|| Vote || Subsystem || Runtime || Comment ||
| {color:blue}0{color} | {color:blue} reexec {color} | {color:blue}  0m 14s{color} | {color:blue} Docker mode activated. {color} |
| {color:green}+1{color} | {color:green} hbaseanti {color} | {color:green}  0m  0s{color} | {color:green} Patch does not have any anti-patterns. {color} |
| {color:green}+1{color} | {color:green} @author {color} | {color:green}  0m  0s{color} | {color:green} The patch does not contain any @author tags. {color} |
| {color:green}+1{color} | {color:green} test4tests {color} | {color:green}  0m  0s{color} | {color:green} The patch appears to include 1 new or modified test files. {color} |
| {color:green}+1{color} | {color:green} mvninstall {color} | {color:green}  1m 58s{color} | {color:green} branch-1 passed {color} |
| {color:green}+1{color} | {color:green} compile {color} | {color:green}  0m 17s{color} | {color:green} branch-1 passed with JDK v1.8.0_144 {color} |
| {color:green}+1{color} | {color:green} compile {color} | {color:green}  0m 22s{color} | {color:green} branch-1 passed with JDK v1.7.0_151 {color} |
| {color:green}+1{color} | {color:green} checkstyle {color} | {color:green}  0m 24s{color} | {color:green} branch-1 passed {color} |
| {color:green}+1{color} | {color:green} mvneclipse {color} | {color:green}  0m 15s{color} | {color:green} branch-1 passed {color} |
| {color:green}+1{color} | {color:green} shadedjars {color} | {color:green}  3m  2s{color} | {color:green} branch has no errors when building our shaded downstream artifacts. {color} |
| {color:green}+1{color} | {color:green} findbugs {color} | {color:green}  1m 19s{color} | {color:green} branch-1 passed {color} |
| {color:green}+1{color} | {color:green} javadoc {color} | {color:green}  0m 20s{color} | {color:green} branch-1 passed with JDK v1.8.0_144 {color} |
| {color:green}+1{color} | {color:green} javadoc {color} | {color:green}  0m 41s{color} | {color:green} branch-1 passed with JDK v1.7.0_151 {color} |
| {color:green}+1{color} | {color:green} mvninstall {color} | {color:green}  0m 25s{color} | {color:green} the patch passed {color} |
| {color:green}+1{color} | {color:green} compile {color} | {color:green}  0m 22s{color} | {color:green} the patch passed with JDK v1.8.0_144 {color} |
| {color:green}+1{color} | {color:green} javac {color} | {color:green}  0m 22s{color} | {color:green} the patch passed {color} |
| {color:green}+1{color} | {color:green} compile {color} | {color:green}  0m 25s{color} | {color:green} the patch passed with JDK v1.7.0_151 {color} |
| {color:green}+1{color} | {color:green} javac {color} | {color:green}  0m 25s{color} | {color:green} the patch passed {color} |
| {color:green}+1{color} | {color:green} checkstyle {color} | {color:green}  0m 23s{color} | {color:green} the patch passed {color} |
| {color:green}+1{color} | {color:green} mvneclipse {color} | {color:green}  0m 16s{color} | {color:green} the patch passed {color} |
| {color:green}+1{color} | {color:green} whitespace {color} | {color:green}  0m  0s{color} | {color:green} The patch has no whitespace issues. {color} |
| {color:green}+1{color} | {color:green} shadedjars {color} | {color:green}  2m 36s{color} | {color:green} patch has no errors when building our shaded downstream artifacts. {color} |
| {color:green}+1{color} | {color:green} hadoopcheck {color} | {color:green} 26m 17s{color} | {color:green} Patch does not cause any errors with Hadoop 2.4.0 2.4.1 2.5.0 2.5.1 2.5.2 2.6.1 2.6.2 2.6.3 2.6.4 2.6.5 2.7.1 2.7.2 2.7.3. {color} |
| {color:green}+1{color} | {color:green} findbugs {color} | {color:green}  1m 29s{color} | {color:green} the patch passed {color} |
| {color:green}+1{color} | {color:green} javadoc {color} | {color:green}  0m 19s{color} | {color:green} the patch passed with JDK v1.8.0_144 {color} |
| {color:green}+1{color} | {color:green} javadoc {color} | {color:green}  0m 39s{color} | {color:green} the patch passed with JDK v1.7.0_151 {color} |
| {color:red}-1{color} | {color:red} unit {color} | {color:red} 18m 32s{color} | {color:red} hbase-thrift in the patch failed. {color} |
| {color:green}+1{color} | {color:green} asflicense {color} | {color:green}  0m  7s{color} | {color:green} The patch does not generate ASF License warnings. {color} |
| {color:black}{color} | {color:black} {color} | {color:black} 57m 58s{color} | {color:black} {color} |
\\
\\
|| Reason || Tests ||
| Timed out junit tests | org.apache.hadoop.hbase.thrift.TestThriftServerCmdLine |
\\
\\
|| Subsystem || Report/Notes ||
| Docker | Client=17.05.0-ce Server=17.05.0-ce Image:yetus/hbase:6f1cc2c |
| JIRA Issue | HBASE-18996 |
| JIRA Patch URL | https://issues.apache.org/jira/secure/attachment/12891755/HBASE-18996.branch-1.001.patch |
| Optional Tests |  asflicense  shadedjars  javac  javadoc  unit  findbugs  hadoopcheck  hbaseanti  checkstyle  compile  |
| uname | Linux 190542994b62 3.13.0-129-generic #178-Ubuntu SMP Fri Aug 11 12:48:20 UTC 2017 x86_64 x86_64 x86_64 GNU/Linux |
| Build tool | maven |
| Personality | /home/jenkins/jenkins-slave/workspace/PreCommit-HBASE-Build/component/dev-support/hbase-personality.sh |
| git revision | branch-1 / ff23e15 |
| Default Java | 1.7.0_151 |
| Multi-JDK versions |  /usr/lib/jvm/java-8-oracle:1.8.0_144 /usr/lib/jvm/java-7-openjdk-amd64:1.7.0_151 |
| findbugs | v3.0.0 |
| unit | https://builds.apache.org/job/PreCommit-HBASE-Build/9073/artifact/patchprocess/patch-unit-hbase-thrift.txt |
|  Test Results | https://builds.apache.org/job/PreCommit-HBASE-Build/9073/testReport/ |
| modules | C: hbase-thrift U: hbase-thrift |
| Console output | https://builds.apache.org/job/PreCommit-HBASE-Build/9073/console |
| Powered by | Apache Yetus 0.4.0   http://yetus.apache.org |


This message was automatically generated.



| (x) *{color:red}-1 overall{color}* |
\\
\\
|| Vote || Subsystem || Runtime || Comment ||
| {color:blue}0{color} | {color:blue} reexec {color} | {color:blue}  0m 16s{color} | {color:blue} Docker mode activated. {color} |
| {color:green}+1{color} | {color:green} hbaseanti {color} | {color:green}  0m  0s{color} | {color:green} Patch does not have any anti-patterns. {color} |
| {color:green}+1{color} | {color:green} @author {color} | {color:green}  0m  0s{color} | {color:green} The patch does not contain any @author tags. {color} |
| {color:green}+1{color} | {color:green} test4tests {color} | {color:green}  0m  0s{color} | {color:green} The patch appears to include 1 new or modified test files. {color} |
| {color:green}+1{color} | {color:green} mvninstall {color} | {color:green}  2m 13s{color} | {color:green} branch-1 passed {color} |
| {color:green}+1{color} | {color:green} compile {color} | {color:green}  0m 20s{color} | {color:green} branch-1 passed with JDK v1.8.0_144 {color} |
| {color:green}+1{color} | {color:green} compile {color} | {color:green}  0m 25s{color} | {color:green} branch-1 passed with JDK v1.7.0_151 {color} |
| {color:green}+1{color} | {color:green} checkstyle {color} | {color:green}  0m 29s{color} | {color:green} branch-1 passed {color} |
| {color:green}+1{color} | {color:green} mvneclipse {color} | {color:green}  0m 17s{color} | {color:green} branch-1 passed {color} |
| {color:green}+1{color} | {color:green} shadedjars {color} | {color:green}  3m 18s{color} | {color:green} branch has no errors when building our shaded downstream artifacts. {color} |
| {color:green}+1{color} | {color:green} findbugs {color} | {color:green}  1m 14s{color} | {color:green} branch-1 passed {color} |
| {color:green}+1{color} | {color:green} javadoc {color} | {color:green}  0m 18s{color} | {color:green} branch-1 passed with JDK v1.8.0_144 {color} |
| {color:green}+1{color} | {color:green} javadoc {color} | {color:green}  0m 39s{color} | {color:green} branch-1 passed with JDK v1.7.0_151 {color} |
| {color:green}+1{color} | {color:green} mvninstall {color} | {color:green}  0m 27s{color} | {color:green} the patch passed {color} |
| {color:green}+1{color} | {color:green} compile {color} | {color:green}  0m 19s{color} | {color:green} the patch passed with JDK v1.8.0_144 {color} |
| {color:green}+1{color} | {color:green} javac {color} | {color:green}  0m 19s{color} | {color:green} the patch passed {color} |
| {color:green}+1{color} | {color:green} compile {color} | {color:green}  0m 23s{color} | {color:green} the patch passed with JDK v1.7.0_151 {color} |
| {color:green}+1{color} | {color:green} javac {color} | {color:green}  0m 23s{color} | {color:green} the patch passed {color} |
| {color:green}+1{color} | {color:green} checkstyle {color} | {color:green}  0m 23s{color} | {color:green} the patch passed {color} |
| {color:green}+1{color} | {color:green} mvneclipse {color} | {color:green}  0m 15s{color} | {color:green} the patch passed {color} |
| {color:green}+1{color} | {color:green} whitespace {color} | {color:green}  0m  0s{color} | {color:green} The patch has no whitespace issues. {color} |
| {color:green}+1{color} | {color:green} shadedjars {color} | {color:green}  2m 20s{color} | {color:green} patch has no errors when building our shaded downstream artifacts. {color} |
| {color:green}+1{color} | {color:green} hadoopcheck {color} | {color:green} 26m 22s{color} | {color:green} Patch does not cause any errors with Hadoop 2.4.0 2.4.1 2.5.0 2.5.1 2.5.2 2.6.1 2.6.2 2.6.3 2.6.4 2.6.5 2.7.1 2.7.2 2.7.3. {color} |
| {color:green}+1{color} | {color:green} findbugs {color} | {color:green}  1m 28s{color} | {color:green} the patch passed {color} |
| {color:green}+1{color} | {color:green} javadoc {color} | {color:green}  0m 20s{color} | {color:green} the patch passed with JDK v1.8.0_144 {color} |
| {color:green}+1{color} | {color:green} javadoc {color} | {color:green}  0m 39s{color} | {color:green} the patch passed with JDK v1.7.0_151 {color} |
| {color:red}-1{color} | {color:red} unit {color} | {color:red} 18m 38s{color} | {color:red} hbase-thrift in the patch failed. {color} |
| {color:green}+1{color} | {color:green} asflicense {color} | {color:green}  0m  8s{color} | {color:green} The patch does not generate ASF License warnings. {color} |
| {color:black}{color} | {color:black} {color} | {color:black} 58m 44s{color} | {color:black} {color} |
\\
\\
|| Reason || Tests ||
| Timed out junit tests | org.apache.hadoop.hbase.thrift.TestThriftServerCmdLine |
\\
\\
|| Subsystem || Report/Notes ||
| Docker | Client=17.05.0-ce Server=17.05.0-ce Image:yetus/hbase:6f1cc2c |
| JIRA Issue | HBASE-18996 |
| JIRA Patch URL | https://issues.apache.org/jira/secure/attachment/12891844/HBASE-18996.branch-1.001.patch |
| Optional Tests |  asflicense  shadedjars  javac  javadoc  unit  findbugs  hadoopcheck  hbaseanti  checkstyle  compile  |
| uname | Linux d6e0ce0702df 4.4.0-43-generic #63-Ubuntu SMP Wed Oct 12 13:48:03 UTC 2016 x86_64 x86_64 x86_64 GNU/Linux |
| Build tool | maven |
| Personality | /home/jenkins/jenkins-slave/workspace/PreCommit-HBASE-Build/component/dev-support/hbase-personality.sh |
| git revision | branch-1 / ff23e15 |
| Default Java | 1.7.0_151 |
| Multi-JDK versions |  /usr/lib/jvm/java-8-oracle:1.8.0_144 /usr/lib/jvm/java-7-openjdk-amd64:1.7.0_151 |
| findbugs | v3.0.0 |
| unit | https://builds.apache.org/job/PreCommit-HBASE-Build/9082/artifact/patchprocess/patch-unit-hbase-thrift.txt |
|  Test Results | https://builds.apache.org/job/PreCommit-HBASE-Build/9082/testReport/ |
| modules | C: hbase-thrift U: hbase-thrift |
| Console output | https://builds.apache.org/job/PreCommit-HBASE-Build/9082/console |
| Powered by | Apache Yetus 0.4.0   http://yetus.apache.org |


This message was automatically generated.



| (x) *{color:red}-1 overall{color}* |
\\
\\
|| Vote || Subsystem || Runtime || Comment ||
| {color:blue}0{color} | {color:blue} reexec {color} | {color:blue} 13m 59s{color} | {color:blue} Docker mode activated. {color} |
| {color:green}+1{color} | {color:green} hbaseanti {color} | {color:green}  0m  0s{color} | {color:green} Patch does not have any anti-patterns. {color} |
| {color:green}+1{color} | {color:green} @author {color} | {color:green}  0m  0s{color} | {color:green} The patch does not contain any @author tags. {color} |
| {color:green}+1{color} | {color:green} test4tests {color} | {color:green}  0m  0s{color} | {color:green} The patch appears to include 1 new or modified test files. {color} |
| {color:green}+1{color} | {color:green} mvninstall {color} | {color:green}  2m  5s{color} | {color:green} branch-1 passed {color} |
| {color:green}+1{color} | {color:green} compile {color} | {color:green}  0m 19s{color} | {color:green} branch-1 passed with JDK v1.8.0_144 {color} |
| {color:green}+1{color} | {color:green} compile {color} | {color:green}  0m 23s{color} | {color:green} branch-1 passed with JDK v1.7.0_151 {color} |
| {color:green}+1{color} | {color:green} checkstyle {color} | {color:green}  0m 25s{color} | {color:green} branch-1 passed {color} |
| {color:green}+1{color} | {color:green} mvneclipse {color} | {color:green}  0m 16s{color} | {color:green} branch-1 passed {color} |
| {color:green}+1{color} | {color:green} shadedjars {color} | {color:green}  3m  9s{color} | {color:green} branch has no errors when building our shaded downstream artifacts. {color} |
| {color:green}+1{color} | {color:green} findbugs {color} | {color:green}  1m 17s{color} | {color:green} branch-1 passed {color} |
| {color:green}+1{color} | {color:green} javadoc {color} | {color:green}  0m 23s{color} | {color:green} branch-1 passed with JDK v1.8.0_144 {color} |
| {color:green}+1{color} | {color:green} javadoc {color} | {color:green}  0m 42s{color} | {color:green} branch-1 passed with JDK v1.7.0_151 {color} |
| {color:green}+1{color} | {color:green} mvninstall {color} | {color:green}  0m 25s{color} | {color:green} the patch passed {color} |
| {color:green}+1{color} | {color:green} compile {color} | {color:green}  0m 23s{color} | {color:green} the patch passed with JDK v1.8.0_144 {color} |
| {color:green}+1{color} | {color:green} javac {color} | {color:green}  0m 23s{color} | {color:green} the patch passed {color} |
| {color:green}+1{color} | {color:green} compile {color} | {color:green}  0m 25s{color} | {color:green} the patch passed with JDK v1.7.0_151 {color} |
| {color:green}+1{color} | {color:green} javac {color} | {color:green}  0m 25s{color} | {color:green} the patch passed {color} |
| {color:green}+1{color} | {color:green} checkstyle {color} | {color:green}  0m 25s{color} | {color:green} the patch passed {color} |
| {color:green}+1{color} | {color:green} mvneclipse {color} | {color:green}  0m 15s{color} | {color:green} the patch passed {color} |
| {color:green}+1{color} | {color:green} whitespace {color} | {color:green}  0m  0s{color} | {color:green} The patch has no whitespace issues. {color} |
| {color:green}+1{color} | {color:green} shadedjars {color} | {color:green}  2m 35s{color} | {color:green} patch has no errors when building our shaded downstream artifacts. {color} |
| {color:green}+1{color} | {color:green} hadoopcheck {color} | {color:green} 26m 19s{color} | {color:green} Patch does not cause any errors with Hadoop 2.4.0 2.4.1 2.5.0 2.5.1 2.5.2 2.6.1 2.6.2 2.6.3 2.6.4 2.6.5 2.7.1 2.7.2 2.7.3. {color} |
| {color:green}+1{color} | {color:green} findbugs {color} | {color:green}  1m 27s{color} | {color:green} the patch passed {color} |
| {color:green}+1{color} | {color:green} javadoc {color} | {color:green}  0m 26s{color} | {color:green} the patch passed with JDK v1.8.0_144 {color} |
| {color:green}+1{color} | {color:green} javadoc {color} | {color:green}  0m 39s{color} | {color:green} the patch passed with JDK v1.7.0_151 {color} |
| {color:red}-1{color} | {color:red} unit {color} | {color:red} 18m 38s{color} | {color:red} hbase-thrift in the patch failed. {color} |
| {color:green}+1{color} | {color:green} asflicense {color} | {color:green}  0m  7s{color} | {color:green} The patch does not generate ASF License warnings. {color} |
| {color:black}{color} | {color:black} {color} | {color:black} 72m 17s{color} | {color:black} {color} |
\\
\\
|| Reason || Tests ||
| Timed out junit tests | org.apache.hadoop.hbase.thrift.TestThriftServerCmdLine |
\\
\\
|| Subsystem || Report/Notes ||
| Docker | Client=17.05.0-ce Server=17.05.0-ce Image:yetus/hbase:6f1cc2c |
| JIRA Issue | HBASE-18996 |
| JIRA Patch URL | https://issues.apache.org/jira/secure/attachment/12892322/HBASE-18996.branch-1.001.patch |
| Optional Tests |  asflicense  shadedjars  javac  javadoc  unit  findbugs  hadoopcheck  hbaseanti  checkstyle  compile  |
| uname | Linux 6bf9326f4853 3.13.0-119-generic #166-Ubuntu SMP Wed May 3 12:18:55 UTC 2017 x86_64 x86_64 x86_64 GNU/Linux |
| Build tool | maven |
| Personality | /home/jenkins/jenkins-slave/workspace/PreCommit-HBASE-Build/component/dev-support/hbase-personality.sh |
| git revision | branch-1 / aeffd3a |
| Default Java | 1.7.0_151 |
| Multi-JDK versions |  /usr/lib/jvm/java-8-oracle:1.8.0_144 /usr/lib/jvm/java-7-openjdk-amd64:1.7.0_151 |
| findbugs | v3.0.0 |
| unit | https://builds.apache.org/job/PreCommit-HBASE-Build/9127/artifact/patchprocess/patch-unit-hbase-thrift.txt |
|  Test Results | https://builds.apache.org/job/PreCommit-HBASE-Build/9127/testReport/ |
| modules | C: hbase-thrift U: hbase-thrift |
| Console output | https://builds.apache.org/job/PreCommit-HBASE-Build/9127/console |
| Powered by | Apache Yetus 0.4.0   http://yetus.apache.org |


This message was automatically generated.



I run all tests which are in hbase-thrift concurrently. The BindException happens.
{code}
[INFO] -------------------------------------------------------
[INFO]  T E S T S
[INFO] -------------------------------------------------------
[INFO] Running org.apache.hadoop.hbase.thrift2.TestThriftHBaseServiceHandler
[INFO] Running org.apache.hadoop.hbase.thrift.TestCallQueue
[INFO] Running org.apache.hadoop.hbase.thrift.TestThriftHttpServer
[INFO] Running org.apache.hadoop.hbase.thrift2.TestThriftHBaseServiceHandlerWithLabels
[INFO] Tests run: 18, Failures: 0, Errors: 0, Skipped: 0, Time elapsed: 1.809 s - in org.apache.hadoop.hbase.thrift.TestCallQueue
[INFO] Running org.apache.hadoop.hbase.thrift.TestThriftServerCmdLine
[INFO] Tests run: 6, Failures: 0, Errors: 0, Skipped: 0, Time elapsed: 19.456 s - in org.apache.hadoop.hbase.thrift2.TestThriftHBaseServiceHandlerWithLabels
[INFO] Running org.apache.hadoop.hbase.thrift.TestThriftServer
[INFO] Tests run: 2, Failures: 0, Errors: 0, Skipped: 0, Time elapsed: 20.768 s - in org.apache.hadoop.hbase.thrift.TestThriftHttpServer
[INFO] Tests run: 22, Failures: 0, Errors: 0, Skipped: 0, Time elapsed: 48.911 s - in org.apache.hadoop.hbase.thrift2.TestThriftHBaseServiceHandler
[ERROR] Tests run: 32, Failures: 0, Errors: 1, Skipped: 0, Time elapsed: 74.454 s <<< FAILURE! - in org.apache.hadoop.hbase.thrift.TestThriftServerCmdLine
[ERROR] testRunThriftServer[0](org.apache.hadoop.hbase.thrift.TestThriftServerCmdLine)  Time elapsed: 10.039 s  <<< ERROR!
java.lang.NullPointerException
	at org.apache.hadoop.hbase.thrift.TestThriftServerCmdLine.testRunThriftServer(TestThriftServerCmdLine.java:186)

[INFO] Tests run: 1, Failures: 0, Errors: 0, Skipped: 0, Time elapsed: 92.142 s - in org.apache.hadoop.hbase.thrift.TestThriftServer
{code}
{code}
2017-11-06 03:19:09,897 INFO  [ThriftServer-cmdline] http.HttpServer(1029): HttpServer.start() threw a non Bind IOException
java.net.BindException: Port in use: 0.0.0.0:9095
	at org.apache.hadoop.hbase.http.HttpServer.openListeners(HttpServer.java:1091)
	at org.apache.hadoop.hbase.http.HttpServer.start(HttpServer.java:1026)
	at org.apache.hadoop.hbase.http.InfoServer.start(InfoServer.java:100)
	at org.apache.hadoop.hbase.thrift.ThriftServer.doMain(ThriftServer.java:104)
	at org.apache.hadoop.hbase.thrift.TestThriftServerCmdLine$1.run(TestThriftServerCmdLine.java:140)
	at java.lang.Thread.run(Thread.java:748)
Caused by: java.net.BindException: Address already in use
	at sun.nio.ch.Net.bind0(Native Method)
	at sun.nio.ch.Net.bind(Net.java:433)
	at sun.nio.ch.Net.bind(Net.java:425)
	at sun.nio.ch.ServerSocketChannelImpl.bind(ServerSocketChannelImpl.java:223)
	at sun.nio.ch.ServerSocketAdaptor.bind(ServerSocketAdaptor.java:74)
	at org.mortbay.jetty.nio.SelectChannelConnector.open(SelectChannelConnector.java:216)
	at org.apache.hadoop.hbase.http.HttpServer.openListeners(HttpServer.java:1085)
	... 5 more
{code}

I run the same tests with this patch. The error doesn't happen. +1.


Push to branch-1.2, branch-1.3, branch-1.4, and branch-1. Thanks for the patch. [~psomogyi]

FAILURE: Integrated in Jenkins build HBase-1.2-JDK8 #263 (See [https://builds.apache.org/job/HBase-1.2-JDK8/263/])
HBASE-18996 Backport HBASE-17703 (TestThriftServerCmdLine is flaky in (chia7712: rev 4e9136e03aaeae6e6cf1426ca57ca4d8eb2f76cd)
* (edit) hbase-thrift/src/test/java/org/apache/hadoop/hbase/thrift/TestThriftServerCmdLine.java


FAILURE: Integrated in Jenkins build HBase-1.2-JDK7 #267 (See [https://builds.apache.org/job/HBase-1.2-JDK7/267/])
HBASE-18996 Backport HBASE-17703 (TestThriftServerCmdLine is flaky in (chia7712: rev 4e9136e03aaeae6e6cf1426ca57ca4d8eb2f76cd)
* (edit) hbase-thrift/src/test/java/org/apache/hadoop/hbase/thrift/TestThriftServerCmdLine.java


FAILURE: Integrated in Jenkins build HBase-1.3-JDK8 #352 (See [https://builds.apache.org/job/HBase-1.3-JDK8/352/])
HBASE-18996 Backport HBASE-17703 (TestThriftServerCmdLine is flaky in (chia7712: rev df419a16881c0efc434ab28e981d66fd1ade5353)
* (edit) hbase-thrift/src/test/java/org/apache/hadoop/hbase/thrift/TestThriftServerCmdLine.java


FAILURE: Integrated in Jenkins build HBase-1.3-JDK7 #335 (See [https://builds.apache.org/job/HBase-1.3-JDK7/335/])
HBASE-18996 Backport HBASE-17703 (TestThriftServerCmdLine is flaky in (chia7712: rev df419a16881c0efc434ab28e981d66fd1ade5353)
* (edit) hbase-thrift/src/test/java/org/apache/hadoop/hbase/thrift/TestThriftServerCmdLine.java


SUCCESS: Integrated in Jenkins build HBase-1.2-IT #1006 (See [https://builds.apache.org/job/HBase-1.2-IT/1006/])
HBASE-18996 Backport HBASE-17703 (TestThriftServerCmdLine is flaky in (chia7712: rev 4e9136e03aaeae6e6cf1426ca57ca4d8eb2f76cd)
* (edit) hbase-thrift/src/test/java/org/apache/hadoop/hbase/thrift/TestThriftServerCmdLine.java


SUCCESS: Integrated in Jenkins build HBase-1.3-IT #272 (See [https://builds.apache.org/job/HBase-1.3-IT/272/])
HBASE-18996 Backport HBASE-17703 (TestThriftServerCmdLine is flaky in (chia7712: rev df419a16881c0efc434ab28e981d66fd1ade5353)
* (edit) hbase-thrift/src/test/java/org/apache/hadoop/hbase/thrift/TestThriftServerCmdLine.java


[~apurtell], the fix version is not correct. It should include 1.5 too. Did you remove that on purpose?

Yes, I removed 1.5.0 for anything that is going out in 1.4.0. 

Fix versions in HBase have historically meant the same thing as in Hadoop, which is "in this release and any later". 

That said, I'm only touching fix versions for branch-1. I won't presume to mess with fix version accounting for branch-2. We have another RM tending to that. 

Thanks for clarifying.

