Backport patch and comments on https://reviews.apache.org/r/23665/

This seems like a big change to attempt to backport to a stable branch. 

Without a backport of HBASE-10569, which I don't think we can backport to a stable branch, meta updates after this patch is applied in the current state would happen via a remote RPC call in a synchronized block as per my understanding, which won't be ok.

Also, on any minor upgrade e.g. 0.98.4 to 0.98.5, it should be possible to do a rolling restart from .4 to .5. This change would seems to require *two* rolling restarts, and on the second restart the ordering of the master restart will be important.

Let's take a step back. Why is this change needed in 0.98? 

{quote}
Let's take a step back. Why is this change needed in 0.98?
{quote}
Because 0.98 is the latest stable branch. If this enhancement proves itself useful then we will be running this in production within the next few months.

{quote}
Also, on any minor upgrade e.g. 0.98.4 to 0.98.5, it should be possible to do a rolling restart from .4 to .5. This change would seems to require two rolling restarts, and on the second restart the ordering of the master restart will be important.
{quote}
Since this is an opt-in feature then requiring 2 rolling restarts should be okay?

{quote}
Without a backport of HBASE-10569, which I don't think we can backport to a stable branch, meta updates after this patch is applied in the current state would happen via a remote RPC call in a synchronized block as per my understanding, which won't be ok.
{quote}
Off-hand I don't see why colocation would be required. We'll take a look if we can come up with a less invasive solution to avoid the heavy synchronization.





bq. Since this is an opt-in feature then requiring 2 rolling restarts should be okay?

Seems reasonable. 

bq. We'll take a look if we can come up with a less invasive solution to avoid the heavy synchronization.

Thanks!

bq. We'll take a look if we can come up with a less invasive solution to avoid the heavy synchronization.

Or, as long as this is opt-in too there shouldn't be concerns.

[~virag], [~toffer]: Shall we aim to get this in to .6 (RC end of August)? 

Yes, end of August sounds good.

Moving in to 0.98.6. Thanks Virag. 

[~virag], we need to address HBASE-11689 too.

Planning to roll 0.98.6 RC0 on 8/31

Rebased the patch which was on RB. 
Ran few integration tests using chaos monkey and they pass with zk less assignment off. With zk less assignment, apart from HBASE-11793, I didn't see any other issue 


[~apurtell], As there are few related JIRA's, how should we port the patches for them to 0.98? Should I attach the 0.98 version of those patches on the respective JIRA's? 

bq.  As there are few related JIRA's, how should we port the patches for them to 0.98? Should I attach the 0.98 version of those patches on the respective JIRA's?

Yeah probably best to do that for all of them including HBASE-11059, attach as HBASE-XXXXX-0.98.patch, and indicate here when ready. Then a committer can assemble them sequentially onto 0.98, push them all in one transaction, and we can close this.

The patches are ready. To cleanly apply, maintain the following order: HBASE-11059, HBASE-11687, HBASE-11725, HBASE-11659, HBASE-11531.

Have run unit tests and integration tests.

HBASE-11610 and HBASE-11689 can be ported later once they are in trunk.


Applied in sequence cleanly. Checking out the result a bit before pushing.

Attaching combined result

Queued for commit:
{noformat}
commit 872fac5fb441041b39a45c47207cb376cd39f97d
Author: Andrew Purtell <apurtell@apache.org>
Date:   Sat Aug 23 11:12:24 2014 -0700

    HBASE-11546 Backport ZK-less region assignment to 0.98 (Virag Kothari) [5/5]
    
    HBASE-11531 RegionStates for regions under region-in-transition znode are not updated on startup (Jimmy Xiang)

commit 8dfc04bb1e1cc18858772af680146cc7d12a321b
Author: Andrew Purtell <apurtell@apache.org>
Date:   Sat Aug 23 11:11:20 2014 -0700

    HBASE-11546 Backport ZK-less region assignment to 0.98 (Virag Kothari) [4/5]
    
    HBASE-11659 Region state RPC call is not idempotent (Virag Kothari)

commit 881ed040fb13af7615f9b28019fe21c3b657ef76
Author: Andrew Purtell <apurtell@apache.org>
Date:   Sat Aug 23 11:09:56 2014 -0700

    HBASE-11546 Backport ZK-less region assignment to 0.98 (Virag Kothari) [3/5]
    
    HBASE-11725 Backport failover checking change to 1.0 (Jimmy Xiang)

commit bbd17902557a5264aa73eadf191954d8badaa99c
Author: Andrew Purtell <apurtell@apache.org>
Date:   Sat Aug 23 11:08:45 2014 -0700

    HBASE-11546 Backport ZK-less region assignment to 0.98 (Virag Kothari) [2/5]
    
    HBASE-11687 No need to abort on postOpenDeployTasks exception if region opening is cancelled (Jimmy Xiang)

commit 8718bcd1dbed8994d8d4c713d046002efb637f30
Author: Andrew Purtell <apurtell@apache.org>
Date:   Sat Aug 23 11:07:18 2014 -0700

    HBASE-11546 Backport ZK-less region assignment to 0.98 (Virag Kothari) [1/5]
    
    HBASE-11059 ZK-less region assignment (Jimmy Xiang)
{noformat}

I'm going to run the unit test suite a few times before pushing.

TestZKLessAMOnCluster consistently fails:

test.log.1.7.0_65.00-1000-Running org.apache.hadoop.hbase.master.TestZKLessAMOnCluster
test.log.1.7.0_65.00:1001:Tests run: 15, Failures: 1, Errors: 7, Skipped: 0, Time elapsed: 387.562 sec <<< FAILURE!
test.log.1.7.0_65.00:1369:Failed tests:   testCloseFailed(org.apache.hadoop.hbase.master.TestZKLessAMOnCluster): expected:<FAILED_CLOSE> but was:<PENDING_OPEN>
test.log.1.7.0_65.00:1400:[INFO] BUILD FAILURE

test.log.1.7.0_65.01-1000-Running org.apache.hadoop.hbase.master.TestZKLessAMOnCluster
test.log.1.7.0_65.01:1001:Tests run: 15, Failures: 1, Errors: 0, Skipped: 0, Time elapsed: 65.744 sec <<< FAILURE!
test.log.1.7.0_65.01:1369:Failed tests:   testCloseHang(org.apache.hadoop.hbase.master.TestZKLessAMOnCluster): expected:<FAILED_CLOSE> but was:<PENDING_OPEN>
test.log.1.7.0_65.01:1391:[INFO] BUILD FAILURE

test.log.1.7.0_65.02-1000-Running org.apache.hadoop.hbase.master.TestZKLessAMOnCluster
test.log.1.7.0_65.02:1001:Tests run: 15, Failures: 1, Errors: 0, Skipped: 0, Time elapsed: 66.259 sec <<< FAILURE!
test.log.1.7.0_65.02:1369:Failed tests:   testCloseHang(org.apache.hadoop.hbase.master.TestZKLessAMOnCluster): expected:<FAILED_CLOSE> but was:<PENDING_OPEN>
test.log.1.7.0_65.02:1391:[INFO] BUILD FAILURE

test.log.1.7.0_65.03:1001:Tests run: 15, Failures: 1, Errors: 0, Skipped: 0, Time elapsed: 68.563 sec <<< FAILURE!
test.log.1.7.0_65.03:1369:Failed tests:   testForceAssignWhileClosing(org.apache.hadoop.hbase.master.TestZKLessAMOnCluster): expected:<FAILED_CLOSE> but was:<PENDING_OPEN>
test.log.1.7.0_65.03:1391:[INFO] BUILD FAILURE

test.log.1.7.0_65.04-1000-Running org.apache.hadoop.hbase.master.TestZKLessAMOnCluster
test.log.1.7.0_65.04:1001:Tests run: 15, Failures: 0, Errors: 3, Skipped: 0, Time elapsed: 235.712 sec <<< FAILURE!
test.log.1.7.0_65.04:1394:[INFO] BUILD FAILURE

test.log.1.7.0_65.05-1000-Running org.apache.hadoop.hbase.master.TestZKLessAMOnCluster
test.log.1.7.0_65.05:1001:Tests run: 15, Failures: 1, Errors: 0, Skipped: 0, Time elapsed: 66.596 sec <<< FAILURE!
test.log.1.7.0_65.05:1394:[INFO] BUILD FAILURE


I pushed the code I have been testing up to GitHub: https://github.com/apurtell/hbase/compare/0.98...HBASE-11546-0.98


bq. TestZKLessAMOnCluster consistently fails

Taking a look. I remember last time I ran, this one was flaky but didn't see consistent errors.

Applied the combined patch to 0.98 and ran this five times on maven and few times on IDE but it always passes. Is it possible for you to share the detailed error reports? Thanks!

{quote}
bq. TestZKLessAMOnCluster consistently fails
Taking a look. I remember last time I ran, this one was flaky but didn't see consistent errors.
{quote}

I re-ran just TestZKLessAMOnCluster 5 times each on a local Mac dev box and an EC2 Amazon Linux instance. On the Mac it passed each time. On the Linux instance it failed quite often, once every 2 or 3 times, with the same error seen previously:
{noformat}
-------------------------------------------------------------------------------
Test set: org.apache.hadoop.hbase.master.TestZKLessAMOnCluster
-------------------------------------------------------------------------------
Tests run: 15, Failures: 1, Errors: 0, Skipped: 0, Time elapsed: 55.794 sec <<<  FAILURE!
testCloseHang(org.apache.hadoop.hbase.master.TestZKLessAMOnCluster)  Time elapsed: 0.431 sec  <<< FAILURE!
java.lang.AssertionError: expected:<FAILED_CLOSE> but was:<PENDING_OPEN>
        at org.junit.Assert.fail(Assert.java:88)
        at org.junit.Assert.failNotEquals(Assert.java:743)
        at org.junit.Assert.assertEquals(Assert.java:118)
        at org.junit.Assert.assertEquals(Assert.java:144)
        at org.apache.hadoop.hbase.master.TestAssignmentManagerOnCluster.testCloseHang(TestAssignmentManagerOnCluster.java:625)
        at sun.reflect.NativeMethodAccessorImpl.invoke0(Native Method)
        at sun.reflect.NativeMethodAccessorImpl.invoke(NativeMethodAccessorImpl.java:57)
        at sun.reflect.DelegatingMethodAccessorImpl.invoke(DelegatingMethodAccessorImpl.java:43)
        at java.lang.reflect.Method.invoke(Method.java:606)
        at org.junit.runners.model.FrameworkMethod$1.runReflectiveCall(FrameworkMethod.java:47)
        at org.junit.internal.runners.model.ReflectiveCallable.run(ReflectiveCallable.java:12)
{noformat}

Detailed output from the failed unit test is attached as 'TestZKLessAMOnCluster.testCloseHang.failed.txt'. Output for the entire TestZKLessAMOnCluster is attached as 'TestZKLessAMOnCluster.failed.zip'

Related to HBASE-11615. Also trunk needs to be fix one test case so created HBASE-11814. Need to backport both.  

bq. On the Mac it passed each time. On the Linux instance it failed quite often

Yeah, I ran the entire test suite in parallel (mvn test -P runAllTests -Dsurefire.secondPartThreadCount=8)  on MAC and then it failed. Its a race condition problem so seems to be exposed only while running more in parallel.

bq. Related to HBASE-11615. Also trunk needs to be fix one test case so created HBASE-11814. Need to backport both.  

Ok. I'll float the pending patches over 0.98 with rebase until these can go on top. 

[~apurtell] Can you try both HBASE-11615-0.98.patch and HBASE-11814-0.98 and check whether test cases are still flaky or not? Thanks

Thanks [~virag], with those two additional patches TestZKLessAMOnCluster is stable. See https://github.com/apurtell/hbase/compare/0.98...HBASE-11546-0.98 for what I have pending. Will run tests overnight and push tomorrow if good. 

No failures after 10 reps of the full suite. Going to push the whole series to 0.98 after committing HBASE-11814 later today unless objection. See the commit set here: https://github.com/apurtell/hbase/compare/0.98...HBASE-11546-0.98

[~apurtell] HBASE-11610, a related patch to this one, just got +1ed and is close to commit. The code on there will only be touched during zk less assignment. Possible to get this one too in 0.98.6? If you are already ready to make the release, even having this in next 0.98 is fine. Let me know.


bq. Andrew Purtell HBASE-11610, a related patch to this one, just got +1ed and is close to commit. The code on there will only be touched during zk less assignment. Possible to get this one too in 0.98.6

Yes. Add a 0.98 patch here and I'll add it to the commit-group for this issue.

Thanks!
Attached the 0.98 patch for HBASE-11610

Pushed to 0.98. Thanks for the heavy lifting [~virag]!

FAILURE: Integrated in HBase-0.98 #473 (See [https://builds.apache.org/job/HBase-0.98/473/])
HBASE-11546 Backport ZK-less region assignment to 0.98 (Virag Kothari) [1/8] (apurtell: rev e6ffa86e33ee173afcff15ca4b614e6ec56357ed)
* hbase-protocol/src/main/java/org/apache/hadoop/hbase/protobuf/generated/RegionServerStatusProtos.java
* hbase-server/src/test/java/org/apache/hadoop/hbase/util/TestHBaseFsck.java
* hbase-client/src/main/java/org/apache/hadoop/hbase/HRegionInfo.java
* hbase-server/src/test/java/org/apache/hadoop/hbase/regionserver/TestZKLessMergeOnCluster.java
* hbase-server/src/main/java/org/apache/hadoop/hbase/master/ServerManager.java
* hbase-server/src/test/java/org/apache/hadoop/hbase/regionserver/TestRegionServerNoMaster.java
* hbase-server/src/test/java/org/apache/hadoop/hbase/master/TestZKLessAMOnCluster.java
* hbase-server/src/test/java/org/apache/hadoop/hbase/master/TestOpenedRegionHandler.java
* hbase-server/src/main/java/org/apache/hadoop/hbase/master/AssignCallable.java
* hbase-server/src/test/java/org/apache/hadoop/hbase/regionserver/TestSplitTransactionOnCluster.java
* hbase-server/src/test/java/org/apache/hadoop/hbase/MockRegionServerServices.java
* hbase-server/src/test/java/org/apache/hadoop/hbase/master/TestMasterFailover.java
* hbase-server/src/test/java/org/apache/hadoop/hbase/master/MockRegionServer.java
* hbase-server/src/test/java/org/apache/hadoop/hbase/regionserver/handler/TestOpenRegionHandler.java
* hbase-server/src/main/java/org/apache/hadoop/hbase/regionserver/SplitTransaction.java
* hbase-server/src/test/java/org/apache/hadoop/hbase/zookeeper/TestRecoverableZooKeeper.java
* hbase-protocol/src/main/protobuf/RegionServerStatus.proto
* hbase-server/src/test/java/org/apache/hadoop/hbase/master/TestAssignmentManagerOnCluster.java
* hbase-server/src/test/java/org/apache/hadoop/hbase/regionserver/handler/TestCloseRegionHandler.java
* hbase-common/src/main/java/org/apache/hadoop/hbase/HConstants.java
* hbase-server/src/main/java/org/apache/hadoop/hbase/regionserver/RegionMergeTransaction.java
* hbase-server/src/main/java/org/apache/hadoop/hbase/regionserver/handler/CloseRegionHandler.java
* hbase-server/src/test/java/org/apache/hadoop/hbase/master/TestZKBasedOpenCloseRegion.java
* hbase-server/src/main/java/org/apache/hadoop/hbase/master/handler/ServerShutdownHandler.java
* hbase-server/src/test/java/org/apache/hadoop/hbase/regionserver/TestRegionMergeTransactionOnCluster.java
* hbase-client/src/main/java/org/apache/hadoop/hbase/RegionLoad.java
* hbase-server/src/test/java/org/apache/hadoop/hbase/client/TestScannersFromClientSide.java
* hbase-server/src/main/java/org/apache/hadoop/hbase/regionserver/handler/OpenRegionHandler.java
* hbase-client/src/main/java/org/apache/hadoop/hbase/zookeeper/ZooKeeperWatcher.java
* hbase-server/src/test/java/org/apache/hadoop/hbase/regionserver/TestEndToEndSplitTransaction.java
* hbase-server/src/main/java/org/apache/hadoop/hbase/util/ConfigUtil.java
* hbase-server/src/main/java/org/apache/hadoop/hbase/master/AssignmentManager.java
* hbase-server/src/test/java/org/apache/hadoop/hbase/master/TestRestartCluster.java
* hbase-client/src/main/java/org/apache/hadoop/hbase/catalog/MetaReader.java
* hbase-server/src/test/java/org/apache/hadoop/hbase/regionserver/TestZKLessSplitOnCluster.java
* hbase-client/src/main/java/org/apache/hadoop/hbase/master/RegionState.java
* hbase-server/src/test/java/org/apache/hadoop/hbase/master/TestAssignmentManager.java
* hbase-server/src/main/java/org/apache/hadoop/hbase/master/RegionStateStore.java
* hbase-server/src/main/java/org/apache/hadoop/hbase/regionserver/HRegionServer.java
* hbase-server/src/main/java/org/apache/hadoop/hbase/regionserver/RegionServerServices.java
* hbase-server/src/test/java/org/apache/hadoop/hbase/TestDrainingServer.java
* hbase-server/src/main/java/org/apache/hadoop/hbase/master/RegionStates.java
* hbase-server/src/main/java/org/apache/hadoop/hbase/master/HMaster.java
HBASE-11546 Backport ZK-less region assignment to 0.98 (Virag Kothari) [2/8] (apurtell: rev cbc7860690c355433b305523b4c1f2f1319432e8)
* hbase-server/src/main/java/org/apache/hadoop/hbase/regionserver/handler/OpenRegionHandler.java
HBASE-11546 Backport ZK-less region assignment to 0.98 (Virag Kothari) [3/8] (apurtell: rev 7852df6069a8031f5c68fa48278bc16f60290a74)
* hbase-server/src/main/java/org/apache/hadoop/hbase/master/AssignmentManager.java
HBASE-11546 Backport ZK-less region assignment to 0.98 (Virag Kothari) [4/8] (apurtell: rev 44f646c832929a1b092320886726979ae3240f11)
* hbase-server/src/test/java/org/apache/hadoop/hbase/master/TestAssignmentManagerOnCluster.java
* hbase-server/src/main/java/org/apache/hadoop/hbase/master/AssignmentManager.java
HBASE-11546 Backport ZK-less region assignment to 0.98 (Virag Kothari) [5/8] (apurtell: rev f51b68b280561fbd52ecd5afd514877954d1e190)
* hbase-server/src/main/java/org/apache/hadoop/hbase/master/AssignmentManager.java
HBASE-11546 Backport ZK-less region assignment to 0.98 (Virag Kothari) [6/8] (apurtell: rev e09adb8a51df7fcb505f0cb19621d2c90716f391)
* hbase-server/src/test/java/org/apache/hadoop/hbase/master/TestAssignmentManagerOnCluster.java
HBASE-11546 Backport ZK-less region assignment to 0.98 (Virag Kothari) [7/8] (apurtell: rev 3ad7efd8c3b130fecc1d1dbef6099a08e97e2a22)
* hbase-server/src/test/java/org/apache/hadoop/hbase/master/TestAssignmentManagerOnCluster.java
HBASE-11546 Backport ZK-less region assignment to 0.98 (Virag Kothari) [8/8] (apurtell: rev d487526888223a94bf37cc446cbf916fcd4a2535)
* hbase-server/src/main/java/org/apache/hadoop/hbase/master/RegionStateStore.java
* hbase-client/src/main/java/org/apache/hadoop/hbase/client/RpcRetryingCallerFactory.java
* hbase-server/src/test/java/org/apache/hadoop/hbase/master/TestAssignmentManagerOnCluster.java
* hbase-server/src/main/java/org/apache/hadoop/hbase/util/MultiHConnection.java
Revert "HBASE-11546 Backport ZK-less region assignment to 0.98 (Virag Kothari) [8/8]" (apurtell: rev 0fed608dcc47a65a512cd10fe9aae479ab7fe33b)
* hbase-server/src/main/java/org/apache/hadoop/hbase/master/RegionStateStore.java
* hbase-server/src/main/java/org/apache/hadoop/hbase/util/MultiHConnection.java
* hbase-server/src/test/java/org/apache/hadoop/hbase/master/TestAssignmentManagerOnCluster.java
* hbase-client/src/main/java/org/apache/hadoop/hbase/client/RpcRetryingCallerFactory.java
HBASE-11546 Backport ZK-less region assignment to 0.98 (Virag Kothari) [8/8] (apurtell: rev e88b9e4a78c216a56793930b35546c2264246029)
* hbase-client/src/main/java/org/apache/hadoop/hbase/client/RpcRetryingCallerFactory.java
* hbase-server/src/main/java/org/apache/hadoop/hbase/util/MultiHConnection.java
* hbase-server/src/main/java/org/apache/hadoop/hbase/master/RegionStateStore.java
* hbase-server/src/test/java/org/apache/hadoop/hbase/master/TestAssignmentManagerOnCluster.java


FAILURE: Integrated in HBase-0.98-on-Hadoop-1.1 #446 (See [https://builds.apache.org/job/HBase-0.98-on-Hadoop-1.1/446/])
HBASE-11546 Backport ZK-less region assignment to 0.98 (Virag Kothari) [1/8] (apurtell: rev e6ffa86e33ee173afcff15ca4b614e6ec56357ed)
* hbase-client/src/main/java/org/apache/hadoop/hbase/RegionLoad.java
* hbase-server/src/test/java/org/apache/hadoop/hbase/zookeeper/TestRecoverableZooKeeper.java
* hbase-server/src/test/java/org/apache/hadoop/hbase/util/TestHBaseFsck.java
* hbase-server/src/test/java/org/apache/hadoop/hbase/master/TestOpenedRegionHandler.java
* hbase-server/src/test/java/org/apache/hadoop/hbase/TestDrainingServer.java
* hbase-server/src/main/java/org/apache/hadoop/hbase/regionserver/handler/CloseRegionHandler.java
* hbase-server/src/test/java/org/apache/hadoop/hbase/master/MockRegionServer.java
* hbase-server/src/test/java/org/apache/hadoop/hbase/regionserver/TestRegionServerNoMaster.java
* hbase-server/src/main/java/org/apache/hadoop/hbase/master/HMaster.java
* hbase-client/src/main/java/org/apache/hadoop/hbase/catalog/MetaReader.java
* hbase-protocol/src/main/protobuf/RegionServerStatus.proto
* hbase-server/src/main/java/org/apache/hadoop/hbase/master/AssignCallable.java
* hbase-server/src/test/java/org/apache/hadoop/hbase/regionserver/TestSplitTransactionOnCluster.java
* hbase-server/src/test/java/org/apache/hadoop/hbase/client/TestScannersFromClientSide.java
* hbase-server/src/main/java/org/apache/hadoop/hbase/master/handler/ServerShutdownHandler.java
* hbase-server/src/test/java/org/apache/hadoop/hbase/regionserver/TestZKLessMergeOnCluster.java
* hbase-server/src/main/java/org/apache/hadoop/hbase/regionserver/SplitTransaction.java
* hbase-server/src/main/java/org/apache/hadoop/hbase/regionserver/HRegionServer.java
* hbase-server/src/test/java/org/apache/hadoop/hbase/master/TestRestartCluster.java
* hbase-server/src/test/java/org/apache/hadoop/hbase/MockRegionServerServices.java
* hbase-server/src/main/java/org/apache/hadoop/hbase/master/AssignmentManager.java
* hbase-server/src/test/java/org/apache/hadoop/hbase/regionserver/TestRegionMergeTransactionOnCluster.java
* hbase-server/src/test/java/org/apache/hadoop/hbase/master/TestZKLessAMOnCluster.java
* hbase-client/src/main/java/org/apache/hadoop/hbase/HRegionInfo.java
* hbase-server/src/test/java/org/apache/hadoop/hbase/master/TestMasterFailover.java
* hbase-server/src/main/java/org/apache/hadoop/hbase/master/RegionStates.java
* hbase-server/src/main/java/org/apache/hadoop/hbase/util/ConfigUtil.java
* hbase-server/src/test/java/org/apache/hadoop/hbase/master/TestAssignmentManagerOnCluster.java
* hbase-client/src/main/java/org/apache/hadoop/hbase/zookeeper/ZooKeeperWatcher.java
* hbase-server/src/main/java/org/apache/hadoop/hbase/regionserver/RegionMergeTransaction.java
* hbase-server/src/test/java/org/apache/hadoop/hbase/master/TestAssignmentManager.java
* hbase-server/src/main/java/org/apache/hadoop/hbase/regionserver/RegionServerServices.java
* hbase-server/src/test/java/org/apache/hadoop/hbase/regionserver/TestZKLessSplitOnCluster.java
* hbase-server/src/main/java/org/apache/hadoop/hbase/master/ServerManager.java
* hbase-server/src/main/java/org/apache/hadoop/hbase/master/RegionStateStore.java
* hbase-protocol/src/main/java/org/apache/hadoop/hbase/protobuf/generated/RegionServerStatusProtos.java
* hbase-common/src/main/java/org/apache/hadoop/hbase/HConstants.java
* hbase-server/src/test/java/org/apache/hadoop/hbase/regionserver/handler/TestCloseRegionHandler.java
* hbase-server/src/test/java/org/apache/hadoop/hbase/regionserver/TestEndToEndSplitTransaction.java
* hbase-client/src/main/java/org/apache/hadoop/hbase/master/RegionState.java
* hbase-server/src/main/java/org/apache/hadoop/hbase/regionserver/handler/OpenRegionHandler.java
* hbase-server/src/test/java/org/apache/hadoop/hbase/master/TestZKBasedOpenCloseRegion.java
* hbase-server/src/test/java/org/apache/hadoop/hbase/regionserver/handler/TestOpenRegionHandler.java
HBASE-11546 Backport ZK-less region assignment to 0.98 (Virag Kothari) [2/8] (apurtell: rev cbc7860690c355433b305523b4c1f2f1319432e8)
* hbase-server/src/main/java/org/apache/hadoop/hbase/regionserver/handler/OpenRegionHandler.java
HBASE-11546 Backport ZK-less region assignment to 0.98 (Virag Kothari) [3/8] (apurtell: rev 7852df6069a8031f5c68fa48278bc16f60290a74)
* hbase-server/src/main/java/org/apache/hadoop/hbase/master/AssignmentManager.java
HBASE-11546 Backport ZK-less region assignment to 0.98 (Virag Kothari) [4/8] (apurtell: rev 44f646c832929a1b092320886726979ae3240f11)
* hbase-server/src/test/java/org/apache/hadoop/hbase/master/TestAssignmentManagerOnCluster.java
* hbase-server/src/main/java/org/apache/hadoop/hbase/master/AssignmentManager.java
HBASE-11546 Backport ZK-less region assignment to 0.98 (Virag Kothari) [5/8] (apurtell: rev f51b68b280561fbd52ecd5afd514877954d1e190)
* hbase-server/src/main/java/org/apache/hadoop/hbase/master/AssignmentManager.java
HBASE-11546 Backport ZK-less region assignment to 0.98 (Virag Kothari) [6/8] (apurtell: rev e09adb8a51df7fcb505f0cb19621d2c90716f391)
* hbase-server/src/test/java/org/apache/hadoop/hbase/master/TestAssignmentManagerOnCluster.java
HBASE-11546 Backport ZK-less region assignment to 0.98 (Virag Kothari) [7/8] (apurtell: rev 3ad7efd8c3b130fecc1d1dbef6099a08e97e2a22)
* hbase-server/src/test/java/org/apache/hadoop/hbase/master/TestAssignmentManagerOnCluster.java
HBASE-11546 Backport ZK-less region assignment to 0.98 (Virag Kothari) [8/8] (apurtell: rev d487526888223a94bf37cc446cbf916fcd4a2535)
* hbase-server/src/test/java/org/apache/hadoop/hbase/master/TestAssignmentManagerOnCluster.java
* hbase-server/src/main/java/org/apache/hadoop/hbase/master/RegionStateStore.java
* hbase-client/src/main/java/org/apache/hadoop/hbase/client/RpcRetryingCallerFactory.java
* hbase-server/src/main/java/org/apache/hadoop/hbase/util/MultiHConnection.java


Thanks [~andrew.purtell@gmail.com] for the commit!

FAILURE: Integrated in HBase-0.98-on-Hadoop-1.1 #447 (See [https://builds.apache.org/job/HBase-0.98-on-Hadoop-1.1/447/])
Revert "HBASE-11546 Backport ZK-less region assignment to 0.98 (Virag Kothari) [8/8]" (apurtell: rev 0fed608dcc47a65a512cd10fe9aae479ab7fe33b)
* hbase-server/src/test/java/org/apache/hadoop/hbase/master/TestAssignmentManagerOnCluster.java
* hbase-server/src/main/java/org/apache/hadoop/hbase/util/MultiHConnection.java
* hbase-server/src/main/java/org/apache/hadoop/hbase/master/RegionStateStore.java
* hbase-client/src/main/java/org/apache/hadoop/hbase/client/RpcRetryingCallerFactory.java
HBASE-11546 Backport ZK-less region assignment to 0.98 (Virag Kothari) [8/8] (apurtell: rev e88b9e4a78c216a56793930b35546c2264246029)
* hbase-server/src/main/java/org/apache/hadoop/hbase/util/MultiHConnection.java
* hbase-client/src/main/java/org/apache/hadoop/hbase/client/RpcRetryingCallerFactory.java
* hbase-server/src/test/java/org/apache/hadoop/hbase/master/TestAssignmentManagerOnCluster.java
* hbase-server/src/main/java/org/apache/hadoop/hbase/master/RegionStateStore.java


This issue was closed as part of a bulk closing operation on 2015-11-20. All issues that have been resolved and where all fixVersions have been released have been closed (following discussions on the mailing list).

