CC [~xyao]

{code:title=https://github.com/apache/ozone/runs/2883594563#step:4:1098}
Error:  Tests run: 4, Failures: 1, Errors: 0, Skipped: 0, Time elapsed: 33.148 s <<< FAILURE! - in org.apache.hadoop.hdds.scm.update.server.TestSCMUpdateServiceGrpcServer
Error:  testClientUpdateWithDelayedRevoke(org.apache.hadoop.hdds.scm.update.server.TestSCMUpdateServiceGrpcServer)  Time elapsed: 5.178 s  <<< FAILURE!
java.lang.AssertionError: expected:<1> but was:<0>
  ...
  at org.apache.hadoop.hdds.scm.update.server.TestSCMUpdateServiceGrpcServer.testClientUpdateWithDelayedRevoke(TestSCMUpdateServiceGrpcServer.java:191)
{code}

{code:title=https://github.com/apache/ozone/runs/2884345440#step:4:1060}
Error:  Tests run: 4, Failures: 1, Errors: 0, Skipped: 0, Time elapsed: 39.919 s <<< FAILURE! - in org.apache.hadoop.hdds.scm.update.server.TestSCMUpdateServiceGrpcServer
Error:  testClientUpdateWithRestart(org.apache.hadoop.hdds.scm.update.server.TestSCMUpdateServiceGrpcServer)  Time elapsed: 15.686 s  <<< FAILURE!
java.lang.AssertionError: expected:<6> but was:<5>
  ...
  at org.apache.hadoop.hdds.scm.update.server.TestSCMUpdateServiceGrpcServer.testClientUpdateWithRestart(TestSCMUpdateServiceGrpcServer.java:293)
{code}

I am managing the 1.2.0 release and we currently have more than 600 issues targeted for 1.2.0. I am moving the target field to 1.3.0.

If you are actively working on this jira and believe this should be targeted for the 1.2.0 release, Please reach out to me via Apache email or Slack.

[~jwminton]'s significant improvement is merged (PR #2558).  Keeping this open because some intermittent failures were still [observed|https://github.com/apache/ozone/pull/2558#pullrequestreview-756034951].

Ozone 1.3.0 had been released and we currently have more than 600 open issues targeted for 1.3.0. I am moving the target field to 1.4.0.

If there is anything needs to be discussed about the Target Version, Please reach out to me via Apache email or Slack.

From HDDS-8180:

{code:title=https://github.com/apache/ozone/actions/runs/4433174655/jobs/7777966570}
[INFO] Running org.apache.hadoop.hdds.scm.update.server.TestSCMUpdateServiceGrpcServer
Error:  Tests run: 4, Failures: 1, Errors: 0, Skipped: 2, Time elapsed: 13.237 s <<< FAILURE! - in org.apache.hadoop.hdds.scm.update.server.TestSCMUpdateServiceGrpcServer
Error:  org.apache.hadoop.hdds.scm.update.server.TestSCMUpdateServiceGrpcServer.testClientUpdateWithRevoke  Time elapsed: 7.934 s  <<< FAILURE!
org.opentest4j.AssertionFailedError: expected: <5> but was: <6>
	at org.junit.jupiter.api.AssertionUtils.fail(AssertionUtils.java:55)
	at org.junit.jupiter.api.AssertionUtils.failNotEqual(AssertionUtils.java:62)
	at org.junit.jupiter.api.AssertEquals.assertEquals(AssertEquals.java:166)
	at org.junit.jupiter.api.AssertEquals.assertEquals(AssertEquals.java:161)
	at org.junit.jupiter.api.Assertions.assertEquals(Assertions.java:628)
	at org.apache.hadoop.hdds.scm.update.server.TestSCMUpdateServiceGrpcServer.testClientUpdateWithRevoke(TestSCMUpdateServiceGrpcServer.java:132)
	at sun.reflect.NativeMethodAccessorImpl.invoke0(Native Method)
	at org.junit.platform.engine.support.hierarchical.NodeTestTask.execute(NodeTestTask.java:95)
	at org.junit.platform.engine.support.hierarchical.SameThreadHierarchicalTestExecutorService.submit(SameThreadHierarchicalTestExecutorService.java:35)
	at org.junit.platform.engine.support.hierarchical.HierarchicalTestExecutor.execute(HierarchicalTestExecutor.java:57)
	at org.junit.platform.engine.support.hierarchical.HierarchicalTestEngine.execute(HierarchicalTestEngine.java:54)
	at org.junit.platform.launcher.core.EngineExecutionOrchestrator.execute(EngineExecutionOrchestrator.java:107)
	at org.junit.platform.launcher.core.EngineExecutionOrchestrator.execute(EngineExecutionOrchestrator.java:88)
	at org.junit.platform.launcher.core.EngineExecutionOrchestrator.lambda$execute$0(EngineExecutionOrchestrator.java:54)
	at org.junit.platform.launcher.core.EngineExecutionOrchestrator.withInterceptedStreams(EngineExecutionOrchestrator.java:67)
	at org.junit.platform.launcher.core.EngineExecutionOrchestrator.execute(EngineExecutionOrchestrator.java:52)
	at org.junit.platform.launcher.core.DefaultLauncher.execute(DefaultLauncher.java:114)
	at org.junit.platform.launcher.core.DefaultLauncher.execute(DefaultLauncher.java:86)
	at org.junit.platform.launcher.core.DefaultLauncherSession$DelegatingLauncher.execute(DefaultLauncherSession.java:86)
	at org.junit.platform.launcher.core.SessionPerRequestLauncher.execute(SessionPerRequestLauncher.java:53)
	at org.apache.maven.surefire.junitplatform.JUnitPlatformProvider.execute(JUnitPlatformProvider.java:188)
	at org.apache.maven.surefire.junitplatform.JUnitPlatformProvider.invokeAllTests(JUnitPlatformProvider.java:154)
	at org.apache.maven.surefire.junitplatform.JUnitPlatformProvider.invoke(JUnitPlatformProvider.java:124)
	at org.apache.maven.surefire.booter.ForkedBooter.runSuitesInProcess(ForkedBooter.java:428)
	at org.apache.maven.surefire.booter.ForkedBooter.execute(ForkedBooter.java:162)
	at org.apache.maven.surefire.booter.ForkedBooter.run(ForkedBooter.java:562)
	at org.apache.maven.surefire.booter.ForkedBooter.main(ForkedBooter.java:548)
{code}

Retriggered and passed: https://github.com/apache/ozone/actions/runs/4433174655/jobs/7779807965

cc: [~pifta] [~Sammi] [~adoroszlai] 

This revokeCertificate feature is not supported by Ozone, so should we work on this Jira ?

 

[~deveshsingh] , I think we can hold on working on this JIRA.

