TestRouterRpcMultiDestination#testProxyGetTransactionID and testProxyVersionRequest seem flaky on trunk.
{code:none}
[ERROR] Failures: 
[ERROR]   TestRouterRpcMultiDestination>TestRouterRpc.testProxyGetTransactionID:1285 expected:<100> but was:<126>
[ERROR]   TestRouterRpcMultiDestination>TestRouterRpc.testProxyVersionRequest:1212->TestRouterRpc.compareVersion:1219 expected:<BP-[377781542-10.27.16.2-1617011979679]> but was:<BP-[1420216276-10.27.16.2-1617011984897]>
{code}

(Checked locally and 4 out of 10 runs failed)
{code:none}
[INFO] Tests run: 1, Failures: 0, Errors: 0, Skipped: 0, Time elapsed: 25.605 s - in org.apache.hadoop.hdfs.server.federation.router.TestRouterRpcMultiDestination
[INFO] Tests run: 1, Failures: 0, Errors: 0, Skipped: 0, Time elapsed: 29.571 s - in org.apache.hadoop.hdfs.server.federation.router.TestRouterRpcMultiDestination
[INFO] Tests run: 1, Failures: 0, Errors: 0, Skipped: 0, Time elapsed: 30.363 s - in org.apache.hadoop.hdfs.server.federation.router.TestRouterRpcMultiDestination
[ERROR] Tests run: 1, Failures: 1, Errors: 0, Skipped: 0, Time elapsed: 25.227 s <<< FAILURE! - in org.apache.hadoop.hdfs.server.federation.router.TestRouterRpcMultiDestination
[ERROR] Tests run: 1, Failures: 1, Errors: 0, Skipped: 0, Time elapsed: 31.95 s <<< FAILURE! - in org.apache.hadoop.hdfs.server.federation.router.TestRouterRpcMultiDestination
[INFO] Tests run: 1, Failures: 0, Errors: 0, Skipped: 0, Time elapsed: 30.747 s - in org.apache.hadoop.hdfs.server.federation.router.TestRouterRpcMultiDestination
[ERROR] Tests run: 1, Failures: 1, Errors: 0, Skipped: 0, Time elapsed: 31.3 s <<< FAILURE! - in org.apache.hadoop.hdfs.server.federation.router.TestRouterRpcMultiDestination
[INFO] Tests run: 1, Failures: 0, Errors: 0, Skipped: 0, Time elapsed: 26.138 s - in org.apache.hadoop.hdfs.server.federation.router.TestRouterRpcMultiDestination
[INFO] Tests run: 1, Failures: 0, Errors: 0, Skipped: 0, Time elapsed: 26.573 s - in org.apache.hadoop.hdfs.server.federation.router.TestRouterRpcMultiDestination
[ERROR] Tests run: 1, Failures: 1, Errors: 0, Skipped: 0, Time elapsed: 28.63 s <<< FAILURE! - in org.apache.hadoop.hdfs.server.federation.router.TestRouterRpcMultiDestination
{code}

HDFS-15900 might be the cause of this.