need to check if this is still valid

[https://dev.azure.com/apache-hudi-ci-org/785b6ef4-2f42-4a89-8f0e-5f0d7039a0cc/_apis/build/builds/10926/logs/22]

 
{code:java}
2022-08-25T00:10:33.8558772Z [ERROR] Tests run: 7, Failures: 0, Errors: 1, Skipped: 0, Time elapsed: 80.592 s <<< FAILURE! - in org.apache.hudi.sink.compact.ITTestHoodieFlinkCompactor
2022-08-25T00:10:33.8559801Z [ERROR] testHoodieFlinkCompactor{boolean}[1]  Time elapsed: 8.957 s  <<< ERROR!
2022-08-25T00:10:33.8560367Z org.apache.flink.runtime.client.JobExecutionException: Job execution failed.
2022-08-25T00:10:33.8560986Z Caused by: org.apache.flink.runtime.JobException: Recovery is suppressed by NoRestartBackoffTimeStrategy
2022-08-25T00:10:33.8561621Z Caused by: org.apache.hudi.exception.HoodieIOException: IOException when reading log file 
2022-08-25T00:10:33.8562747Z Caused by: java.io.FileNotFoundException: File file:/tmp/junit6199390607992092497/par3/.f13a22df-e60b-4a94-bd44-63c58d99a82f_20220825000923683.log.1_2-4-0 does not exist
2022-08-25T00:10:33.8563212Z 
2022-08-25T00:10:33.8630793Z [INFO] Running org.apache.hudi.sink.cluster.ITTestHoodieFlinkClustering
2022-08-25T00:10:54.0446967Z [INFO] Tests run: 2, Failures: 0, Errors: 0, Skipped: 0, Time elapsed: 20.178 s - in org.apache.hudi.sink.cluster.ITTestHoodieFlinkClustering
2022-08-25T00:10:54.0463915Z [INFO] Running org.apache.hudi.sink.ITTestDataStreamWrite
2022-08-25T00:12:57.9454846Z [INFO] Tests run: 9, Failures: 0, Errors: 0, Skipped: 0, Time elapsed: 123.857 s - in org.apache.hudi.sink.ITTestDataStreamWrite
2022-08-25T00:12:58.5518043Z [INFO] 
2022-08-25T00:12:58.5519153Z [INFO] Results:
2022-08-25T00:12:58.5519776Z [INFO] 
2022-08-25T00:12:58.5520298Z [ERROR] Errors: 
2022-08-25T00:12:58.5522500Z [ERROR]   ITTestHoodieFlinkCompactor.testHoodieFlinkCompactor » JobExecution Job executi... {code}
 

 

It expects to be fixed after [https://github.com/apache/hudi/pull/6501]

