Whenever mapreduce test fails, there is a class cast exception in stacktrace in test output file like in attached [^org.apache.mahout.text.SequenceFilesFromMailArchivesTest-output.txt]

This unwanted behavior appears to be caused by a bug in LocalJobRunner in Hadoop itself (see MAPREDUCE-5367), and it's affecting all of our mapreduce tests when they are run concurrently, in parallel.

We currently use hadoop-core 1.2.1 (btw, I wish that hadoop-core upgrade to 1.2.1 for 0.9 was tracked in Mahout JIRA and changelog, IMO it's an important dependency, I wonder why [~srowen] didn't log it). I've tried, same issue is present in hadoop-core 1.1.2 (used in mahout 0.8 release). So we have to wait for hadoop-core 1.3.0 to be released since MAPREDUCE-5367 is tagged as fixed in that version/branch.

Fair enough, I thought it was actually a small enough update to just go through with, and the tests passed for me. It would not hurt at all to make a JIRA, yes. I won't be touching this stuff again, no worries.

That pretty much explains the mysterious astral rays that were failing random MR tests (during parallel execution) in the run up to 0.8 release; didn't have time then to get to the bottom of these failures.

This should fix the test issues for MR tests. For more on how this is achieved see MAHOUT-1200 

Note to self: Don't commit patches when mental, e.g. a day before Buzzwords - chances are, some of the changes magically disappear.

[~sslavic] please let me know, if there's any flaky tests left.

[~isabel], patch looks OK to me.

SUCCESS: Integrated in Mahout-Quality #2304 (See [https://builds.apache.org/job/Mahout-Quality/2304/])
MAHOUT-1325 Change hadoop dependent tests to work out of a directory that is not under /tmp (isabel via sslavic) (sslavic: rev 1536215)
* /mahout/trunk/core/src/test/java/org/apache/mahout/cf/taste/hadoop/als/ParallelALSFactorizationJobTest.java
* /mahout/trunk/core/src/test/java/org/apache/mahout/classifier/df/data/DataLoaderTest.java
* /mahout/trunk/core/src/test/java/org/apache/mahout/classifier/df/data/Utils.java
* /mahout/trunk/core/src/test/java/org/apache/mahout/classifier/df/mapreduce/inmem/InMemInputFormatTest.java
* /mahout/trunk/core/src/test/java/org/apache/mahout/classifier/df/mapreduce/partial/PartialBuilderTest.java
* /mahout/trunk/core/src/test/java/org/apache/mahout/clustering/classify/ClusterClassificationDriverTest.java
* /mahout/trunk/core/src/test/java/org/apache/mahout/clustering/kmeans/TestEigenSeedGenerator.java
* /mahout/trunk/core/src/test/java/org/apache/mahout/clustering/kmeans/TestRandomSeedGenerator.java
* /mahout/trunk/core/src/test/java/org/apache/mahout/clustering/spectral/TestAffinityMatrixInputJob.java
* /mahout/trunk/core/src/test/java/org/apache/mahout/clustering/spectral/TestMatrixDiagonalizeJob.java
* /mahout/trunk/core/src/test/java/org/apache/mahout/clustering/spectral/TestUnitVectorizerJob.java
* /mahout/trunk/core/src/test/java/org/apache/mahout/clustering/spectral/TestVectorCache.java
* /mahout/trunk/core/src/test/java/org/apache/mahout/clustering/spectral/TestVectorMatrixMultiplicationJob.java
* /mahout/trunk/core/src/test/java/org/apache/mahout/clustering/streaming/mapreduce/StreamingKMeansTestMR.java
* /mahout/trunk/core/src/test/java/org/apache/mahout/clustering/topdown/postprocessor/ClusterCountReaderTest.java
* /mahout/trunk/core/src/test/java/org/apache/mahout/clustering/topdown/postprocessor/ClusterOutputPostProcessorTest.java
* /mahout/trunk/core/src/test/java/org/apache/mahout/common/MahoutTestCase.java
* /mahout/trunk/core/src/test/java/org/apache/mahout/math/hadoop/TestDistributedRowMatrix.java
* /mahout/trunk/core/src/test/java/org/apache/mahout/math/hadoop/similarity/TestVectorDistanceSimilarityJob.java
* /mahout/trunk/core/src/test/java/org/apache/mahout/math/hadoop/stochasticsvd/LocalSSVDSolverDenseTest.java
* /mahout/trunk/core/src/test/java/org/apache/mahout/math/hadoop/stochasticsvd/LocalSSVDSolverSparseSequentialTest.java
* /mahout/trunk/core/src/test/java/org/apache/mahout/math/hadoop/stochasticsvd/SSVDTestsHelper.java
* /mahout/trunk/core/src/test/java/org/apache/mahout/vectorizer/collocations/llr/CollocMapperTest.java
* /mahout/trunk/core/src/test/java/org/apache/mahout/vectorizer/collocations/llr/LLRReducerTest.java
* /mahout/trunk/examples/src/test/java/org/apache/mahout/clustering/display/ClustersFilterTest.java
* /mahout/trunk/integration/src/test/java/org/apache/mahout/clustering/TestClusterDumper.java
* /mahout/trunk/integration/src/test/java/org/apache/mahout/clustering/TestClusterEvaluator.java
* /mahout/trunk/integration/src/test/java/org/apache/mahout/clustering/cdbw/TestCDbwEvaluator.java
* /mahout/trunk/integration/src/test/java/org/apache/mahout/text/LuceneSegmentInputFormatTest.java
* /mahout/trunk/integration/src/test/java/org/apache/mahout/text/LuceneSegmentInputSplitTest.java
* /mahout/trunk/integration/src/test/java/org/apache/mahout/text/LuceneSegmentRecordReaderTest.java
* /mahout/trunk/integration/src/test/java/org/apache/mahout/text/LuceneStorageConfigurationTest.java
* /mahout/trunk/integration/src/test/java/org/apache/mahout/text/SequenceFilesFromLuceneStorageDriverTest.java
* /mahout/trunk/integration/src/test/java/org/apache/mahout/text/SequenceFilesFromLuceneStorageMRJobTest.java
* /mahout/trunk/integration/src/test/java/org/apache/mahout/text/SequenceFilesFromLuceneStorageTest.java
* /mahout/trunk/integration/src/test/java/org/apache/mahout/text/SequenceFilesFromMailArchivesTest.java
* /mahout/trunk/integration/src/test/java/org/apache/mahout/text/TestSequenceFilesFromDirectory.java
* /mahout/trunk/integration/src/test/java/org/apache/mahout/utils/TestConcatenateVectorsJob.java
* /mahout/trunk/integration/src/test/java/org/apache/mahout/utils/regex/RegexMapperTest.java
* /mahout/trunk/integration/src/test/java/org/apache/mahout/utils/vectors/io/VectorWriterTest.java
* /mahout/trunk/integration/src/test/java/org/apache/mahout/utils/vectors/lucene/DriverTest.java


[~isabel], I've applied your patch, but M/R tests are still failing.
Here is relevant build output from Mahout-Trunk build job failed run #1852:
{noformat}
[INFO] ------------------------------------------------------------------------
[INFO] Building Mahout Integration 0.9-SNAPSHOT
[INFO] ------------------------------------------------------------------------
[INFO] 
[INFO] --- maven-clean-plugin:2.4.1:clean (default-clean) @ mahout-integration ---
[INFO] 
[INFO] --- maven-resources-plugin:2.6:resources (default-resources) @ mahout-integration ---
[INFO] Using 'UTF-8' encoding to copy filtered resources.
[INFO] Copying 0 resource
[INFO] 
[INFO] --- maven-compiler-plugin:3.1:compile (default-compile) @ mahout-integration ---
[INFO] Changes detected - recompiling the module!
[INFO] Compiling 127 source files to /x1/jenkins/jenkins-slave/workspace/Mahout-Trunk/trunk/integration/target/classes
[WARNING] Note: /x1/jenkins/jenkins-slave/workspace/Mahout-Trunk/trunk/integration/src/main/java/org/apache/mahout/cf/taste/impl/model/mongodb/MongoDBDataModel.java uses or overrides a deprecated API.
[WARNING] Note: Recompile with -Xlint:deprecation for details.
[WARNING] Note: /x1/jenkins/jenkins-slave/workspace/Mahout-Trunk/trunk/integration/src/main/java/org/apache/mahout/cf/taste/impl/model/mongodb/MongoDBDataModel.java uses unchecked or unsafe operations.
[WARNING] Note: Recompile with -Xlint:unchecked for details.
[INFO] 
[INFO] --- maven-resources-plugin:2.6:testResources (default-testResources) @ mahout-integration ---
[INFO] Using 'UTF-8' encoding to copy filtered resources.
[INFO] Copying 10 resources
[INFO] 
[INFO] --- maven-compiler-plugin:3.1:testCompile (default-testCompile) @ mahout-integration ---
[INFO] Changes detected - recompiling the module!
[INFO] Compiling 37 source files to /x1/jenkins/jenkins-slave/workspace/Mahout-Trunk/trunk/integration/target/test-classes
[WARNING] Note: Some input files use or override a deprecated API.
[WARNING] Note: Recompile with -Xlint:deprecation for details.
[WARNING] Note: Some input files use unchecked or unsafe operations.
[WARNING] Note: Recompile with -Xlint:unchecked for details.
[INFO] 
[INFO] --- maven-surefire-plugin:2.16:test (default-test) @ mahout-integration ---
[INFO] Surefire report directory: /x1/jenkins/jenkins-slave/workspace/Mahout-Trunk/trunk/integration/target/surefire-reports

-------------------------------------------------------
 T E S T S
-------------------------------------------------------

-------------------------------------------------------
 T E S T S
-------------------------------------------------------
Running org.apache.mahout.utils.regex.RegexMapperTest
Running org.apache.mahout.utils.email.MailProcessorTest
Running org.apache.mahout.text.LuceneSegmentInputFormatTest
Running org.apache.mahout.utils.TestConcatenateVectorsJob
Running org.apache.mahout.clustering.TestClusterDumper
Running org.apache.mahout.utils.vectors.arff.MapBackedARFFModelTest
Running org.apache.mahout.utils.vectors.arff.ARFFVectorIterableTest
Running org.apache.mahout.utils.vectors.csv.CSVVectorIteratorTest
Running org.apache.mahout.utils.SplitInputTest
Running org.apache.mahout.text.LuceneSegmentRecordReaderTest
Running org.apache.mahout.text.SequenceFilesFromLuceneStorageMRJobTest
Running org.apache.mahout.utils.vectors.arff.ARFFTypeTest
Running org.apache.mahout.text.LuceneStorageConfigurationTest
Running org.apache.mahout.text.LuceneSegmentInputSplitTest
Running org.apache.mahout.text.SequenceFilesFromLuceneStorageDriverTest
Running org.apache.mahout.text.MailArchivesClusteringAnalyzerTest
Running org.apache.mahout.clustering.TestClusterEvaluator
Running org.apache.mahout.utils.regex.RegexUtilsTest
Running org.apache.mahout.cf.taste.impl.similarity.jdbc.MySQLJDBCInMemoryItemSimilarityTest
Running org.apache.mahout.utils.vectors.VectorHelperTest
Running org.apache.mahout.utils.vectors.arff.DriverTest
Running org.apache.mahout.clustering.cdbw.TestCDbwEvaluator
Running org.apache.mahout.utils.nlp.collocations.llr.BloomTokenFilterTest
Running org.apache.mahout.utils.vectors.io.VectorWriterTest
Running org.apache.mahout.utils.vectors.lucene.LuceneIterableTest
Running org.apache.mahout.text.SequenceFilesFromLuceneStorageTest
Running org.apache.mahout.utils.vectors.lucene.DriverTest
Running org.apache.mahout.utils.Bump125Test
Running org.apache.mahout.text.SequenceFilesFromMailArchivesTest
Running org.apache.mahout.utils.vectors.lucene.CachedTermInfoTest
Tests run: 1, Failures: 0, Errors: 0, Skipped: 0, Time elapsed: 0.2 sec - in org.apache.mahout.utils.vectors.arff.MapBackedARFFModelTest
Tests run: 1, Failures: 0, Errors: 0, Skipped: 0, Time elapsed: 0.249 sec - in org.apache.mahout.utils.vectors.arff.ARFFTypeTest
Tests run: 1, Failures: 0, Errors: 0, Skipped: 0, Time elapsed: 0.187 sec - in org.apache.mahout.utils.Bump125Test
Tests run: 1, Failures: 0, Errors: 0, Skipped: 0, Time elapsed: 0.278 sec - in org.apache.mahout.utils.regex.RegexUtilsTest
Running org.apache.mahout.text.TestSequenceFilesFromDirectory
Tests run: 8, Failures: 0, Errors: 0, Skipped: 0, Time elapsed: 0.406 sec - in org.apache.mahout.utils.vectors.arff.ARFFVectorIterableTest
Tests run: 1, Failures: 0, Errors: 0, Skipped: 0, Time elapsed: 0.397 sec - in org.apache.mahout.text.MailArchivesClusteringAnalyzerTest
Tests run: 3, Failures: 0, Errors: 0, Skipped: 0, Time elapsed: 0.386 sec - in org.apache.mahout.utils.vectors.VectorHelperTest
Tests run: 5, Failures: 0, Errors: 0, Skipped: 0, Time elapsed: 0.388 sec - in org.apache.mahout.utils.nlp.collocations.llr.BloomTokenFilterTest
Tests run: 2, Failures: 0, Errors: 0, Skipped: 0, Time elapsed: 0.592 sec - in org.apache.mahout.utils.email.MailProcessorTest
Tests run: 1, Failures: 0, Errors: 0, Skipped: 0, Time elapsed: 0.673 sec - in org.apache.mahout.utils.vectors.csv.CSVVectorIteratorTest
Tests run: 1, Failures: 0, Errors: 0, Skipped: 0, Time elapsed: 0.664 sec - in org.apache.mahout.cf.taste.impl.similarity.jdbc.MySQLJDBCInMemoryItemSimilarityTest
Tests run: 2, Failures: 0, Errors: 0, Skipped: 0, Time elapsed: 0.79 sec - in org.apache.mahout.utils.vectors.arff.DriverTest
Tests run: 2, Failures: 0, Errors: 0, Skipped: 0, Time elapsed: 0.948 sec - in org.apache.mahout.text.LuceneStorageConfigurationTest
Tests run: 1, Failures: 0, Errors: 0, Skipped: 0, Time elapsed: 0.987 sec - in org.apache.mahout.utils.vectors.lucene.CachedTermInfoTest
Tests run: 3, Failures: 0, Errors: 0, Skipped: 0, Time elapsed: 1.357 sec - in org.apache.mahout.utils.regex.RegexMapperTest
Tests run: 1, Failures: 0, Errors: 0, Skipped: 0, Time elapsed: 1.282 sec - in org.apache.mahout.utils.TestConcatenateVectorsJob
Tests run: 3, Failures: 0, Errors: 0, Skipped: 0, Time elapsed: 1.247 sec - in org.apache.mahout.utils.vectors.lucene.LuceneIterableTest
Tests run: 2, Failures: 0, Errors: 0, Skipped: 0, Time elapsed: 1.455 sec - in org.apache.mahout.utils.vectors.io.VectorWriterTest
Tests run: 1, Failures: 0, Errors: 0, Skipped: 0, Time elapsed: 1.99 sec - in org.apache.mahout.text.LuceneSegmentInputFormatTest
Tests run: 2, Failures: 0, Errors: 0, Skipped: 0, Time elapsed: 1.92 sec - in org.apache.mahout.text.LuceneSegmentInputSplitTest
Tests run: 1, Failures: 0, Errors: 0, Skipped: 0, Time elapsed: 2.012 sec - in org.apache.mahout.utils.vectors.lucene.DriverTest
Tests run: 1, Failures: 0, Errors: 0, Skipped: 0, Time elapsed: 2.17 sec - in org.apache.mahout.text.LuceneSegmentRecordReaderTest
Tests run: 2, Failures: 1, Errors: 0, Skipped: 0, Time elapsed: 2.735 sec <<< FAILURE! - in org.apache.mahout.text.SequenceFilesFromMailArchivesTest
testMapReduce(org.apache.mahout.text.SequenceFilesFromMailArchivesTest)  Time elapsed: 1.368 sec  <<< FAILURE!
java.lang.AssertionError: expected:<1> but was:<0>
	at org.junit.Assert.fail(Assert.java:88)
	at org.junit.Assert.failNotEquals(Assert.java:743)
	at org.junit.Assert.assertEquals(Assert.java:118)
	at org.junit.Assert.assertEquals(Assert.java:555)
	at org.junit.Assert.assertEquals(Assert.java:542)
	at org.apache.mahout.text.SequenceFilesFromMailArchivesTest.testMapReduce(SequenceFilesFromMailArchivesTest.java:153)

Tests run: 6, Failures: 0, Errors: 0, Skipped: 0, Time elapsed: 3.317 sec - in org.apache.mahout.text.SequenceFilesFromLuceneStorageTest
Tests run: 1, Failures: 0, Errors: 0, Skipped: 0, Time elapsed: 3.689 sec - in org.apache.mahout.text.SequenceFilesFromLuceneStorageMRJobTest
Tests run: 2, Failures: 0, Errors: 0, Skipped: 0, Time elapsed: 3.754 sec - in org.apache.mahout.text.TestSequenceFilesFromDirectory
Tests run: 5, Failures: 0, Errors: 0, Skipped: 0, Time elapsed: 4.409 sec - in org.apache.mahout.text.SequenceFilesFromLuceneStorageDriverTest
Tests run: 3, Failures: 0, Errors: 0, Skipped: 0, Time elapsed: 5.987 sec - in org.apache.mahout.clustering.TestClusterDumper
Tests run: 10, Failures: 0, Errors: 0, Skipped: 0, Time elapsed: 6.471 sec - in org.apache.mahout.clustering.cdbw.TestCDbwEvaluator
Tests run: 12, Failures: 0, Errors: 0, Skipped: 0, Time elapsed: 6.861 sec - in org.apache.mahout.utils.SplitInputTest
Tests run: 10, Failures: 0, Errors: 0, Skipped: 0, Time elapsed: 14.891 sec - in org.apache.mahout.clustering.TestClusterEvaluator

Results :

Failed tests: 
  SequenceFilesFromMailArchivesTest.testMapReduce:153->Assert.assertEquals:542->Assert.assertEquals:555->Assert.assertEquals:118->Assert.failNotEquals:743->Assert.fail:88 expected:<1> but was:<0>

Tests run: 95, Failures: 1, Errors: 0, Skipped: 0

[INFO] ------------------------------------------------------------------------
[INFO] Reactor Summary:
[INFO] 
[INFO] Mahout Build Tools ................................ SUCCESS [3.161s]
[INFO] Apache Mahout ..................................... SUCCESS [1.253s]
[INFO] Mahout Math ....................................... SUCCESS [24.020s]
[INFO] Mahout Core ....................................... SUCCESS [1:56.245s]
[INFO] Mahout Integration ................................ FAILURE [18.384s]
[INFO] Mahout Examples ................................... SKIPPED
[INFO] Mahout Release Package ............................ SKIPPED
[INFO] ------------------------------------------------------------------------
[INFO] BUILD FAILURE
[INFO] ------------------------------------------------------------------------
[INFO] Total time: 2:43.563s
[INFO] Finished at: Mon Oct 28 09:39:41 UTC 2013
[INFO] Final Memory: 35M/333M
[INFO] ------------------------------------------------------------------------
{noformat}

Besides this patch, I believe we still need fix for MAPREDUCE-5367 so that Mahout M/R tests can run in parallel.

That error does looks familiar - though I cannot reproduce it on my side right now (and I can't remember what caused it last time). Will look again tomorrow.

Looks like this test still writes to "/tmp" due to the way we create the content of the mrOutputDir. Finding tests that do that actually is pretty easy - just set /tmp to be non-writeable for the time the tests are run - we should find a way to enforce all our tests to only write to maven's target dir during the build process though - I believe that the random testing dependency can help with that, don't know the option at the top of my head though. Otherwise people will accidentally add tests that ignore this practice - or fail to run the above mentioned sanity check when fixing existing tests like I did. 

I'll go and figure out how to teach that one little test to direct non of it's output to tmp tomorrow though.

I just did a 

chmod 000 /tmp/hadoop-$USER
mvn clean install

found another test that tries to write there in core ParallelALSFactorizationJobTest.recommenderJobWithIDMapping:359

By the way although  MAPREDUCE-5367 is clearly related I think given that we use Maven as build tool having our build write stuff anywhere except in the target directories (which on mvn clean get purged automatically) isn't a particularly good practice and should be fixed in the long run. I'd really like to see a solution that makes the build fail if any of our code tries that (much like we fail fast when users try to build our project with anything older than Maven 3).

The attached additional change fixes the test in question (at least it successfully teaches this test that writing to "/tmp" is not acceptable).

Note: Re-running all tests with /tmp/hadoop-$USER set to non-writeable just now to see, which other tests need changes.

In core:
ParallelALSFactorizationJobTest.recommenderJobWithIDMapping:359

In integration:
TestSequenceFilesFromDirectory.testSequenceFileFromDirectoryMapReduce:128

Everything else seems not to try writing at least to /tmp/hadoop-$USER - not sure if there's nothing left that tries to write anywhere outside of the designated target directories.

Updated patch with the other two tests fixed as well.

[~sslavic] can you please double check that this also works on your machine? Thanks.

[~isabel] The latest patch works on my machine - on a Mac OS X 10.8.  Some of those tests were failing sporadically on my machine. Thanks for the patch. I don't have a ubuntu instance to verify this patch, will let Stevo check on that.

Verified on Linux, worked OK. I've committed part 2 patch to trunk.

SUCCESS: Integrated in Mahout-Quality #2311 (See [https://builds.apache.org/job/Mahout-Quality/2311/])
MAHOUT-1325 Change remaining hadoop dependent tests to work out of a directory that is not under /tmp (isabel via sslavic) (sslavic: rev 1538438)
* /mahout/trunk/core/src/test/java/org/apache/mahout/cf/taste/hadoop/als/ParallelALSFactorizationJobTest.java
* /mahout/trunk/integration/src/test/java/org/apache/mahout/text/SequenceFilesFromMailArchivesTest.java
* /mahout/trunk/integration/src/test/java/org/apache/mahout/text/TestSequenceFilesFromDirectory.java


Wohoo - finally!

One thing to look into in the long run: Configure our surefire to complain when tests mis-behave and store data outside of maven's target directories. Some related documentation and examples so I don't forget it when closing the browser window:

https://svn.apache.org/repos/asf/commons/proper/lang/trunk/src/test/resources/java.policy
http://maven.apache.org/surefire/maven-surefire-plugin/examples/junit.html

So far people haven't reported random failures anymore. Re-open in case they re-occur.

