Thanks [~atrivedi].  You may use this as an umbrella JIRA and file subtasks for the works.

Hi [~szetszwo] - 

I am trying to setup a ratis test environment but am having issues to get it right. If I run `mvn test` (on the April 17th git master), the test fails with either HadoopRPC, GRPC or Netty Unit tests - one of them, but which one fails, is not fixed. Is this known?
 What is the mvn test command I should use?

For example, when the test fails with Hadoop RPC:

-------------------------------------------------------
 T E S T S
-------------------------------------------------------
Picked up JAVA_TOOL_OPTIONS: 
Running org.apache.ratis.hadooprpc.TestNotLeaderExceptionWithHadoopRpc
Tests run: 2, Failures: 0, Errors: 0, Skipped: 0, Time elapsed: 7.738 sec - in org.apache.ratis.hadooprpc.TestNotLeaderExceptionWithHadoopRpc
Picked up JAVA_TOOL_OPTIONS: 
Running org.apache.ratis.hadooprpc.TestRaftReconfigurationWithHadoopRpc
Tests run: 12, Failures: 1, Errors: 0, Skipped: 0, Time elapsed: 52.511 sec <<< FAILURE! - in org.apache.ratis.hadooprpc.TestRaftReconfigurationWithHadoopRpc
testRevertConfigurationChange(org.apache.ratis.hadooprpc.TestRaftReconfigurationWithHadoopRpc)  Time elapsed: 3.108 sec  <<< FAILURE!
java.lang.AssertionError: expected:<0> but was:<2>

Picked up JAVA_TOOL_OPTIONS: 
Running org.apache.ratis.hadooprpc.TestRaftWithHadoopRpc
Tests run: 4, Failures: 0, Errors: 0, Skipped: 0, Time elapsed: 30.544 sec - in org.apache.ratis.hadooprpc.TestRaftWithHadoopRpc
Picked up JAVA_TOOL_OPTIONS: 
Running org.apache.ratis.hadooprpc.TestRetryCacheWithHadoopRpc
Tests run: 2, Failures: 0, Errors: 0, Skipped: 0, Time elapsed: 8.3 sec - in org.apache.ratis.hadooprpc.TestRetryCacheWithHadoopRpc
Picked up JAVA_TOOL_OPTIONS: 
Running org.apache.ratis.hadooprpc.TestRaftSnapshotWithHadoopRpc
Tests run: 2, Failures: 0, Errors: 0, Skipped: 0, Time elapsed: 8.317 sec - in org.apache.ratis.hadooprpc.TestRaftSnapshotWithHadoopRpc

Results :

Failed tests: 
  TestRaftReconfigurationWithHadoopRpc>RaftReconfigurationBaseTest.testRevertConfigurationChange:531 expected:<0> but was:<2>

Tests run: 22, Failures: 1, Errors: 0, Skipped: 0

Or when the test fails with netty: 

-------------------------------------------------------
 T E S T S
-------------------------------------------------------
Picked up JAVA_TOOL_OPTIONS:  -XX:+PreserveFramePointer -ea
Running org.apache.ratis.netty.TestRaftSnapshotWithNetty
Tests run: 2, Failures: 0, Errors: 0, Skipped: 0, Time elapsed: 6.68 sec - in org.apache.ratis.netty.TestRaftSnapshotWithNetty
Picked up JAVA_TOOL_OPTIONS:  -XX:+PreserveFramePointer -ea
Running org.apache.ratis.netty.TestRetryCacheWithNettyRpc
Tests run: 2, Failures: 0, Errors: 0, Skipped: 0, Time elapsed: 5.715 sec - in org.apache.ratis.netty.TestRetryCacheWithNettyRpc
Picked up JAVA_TOOL_OPTIONS:  -XX:+PreserveFramePointer -ea
Running org.apache.ratis.netty.TestRaftWithNetty
Tests run: 4, Failures: 1, Errors: 0, Skipped: 0, Time elapsed: 30.9 sec <<< FAILURE! - in org.apache.ratis.netty.TestRaftWithNetty
testBasicAppendEntries(org.apache.ratis.netty.TestRaftWithNetty)  Time elapsed: 1.607 sec  <<< FAILURE!
java.lang.AssertionError: expected:<10> but was:<11>

Picked up JAVA_TOOL_OPTIONS:  -XX:+PreserveFramePointer -ea
Running org.apache.ratis.netty.TestNotLeaderExceptionWithNetty
Tests run: 2, Failures: 0, Errors: 0, Skipped: 0, Time elapsed: 6.909 sec - in org.apache.ratis.netty.TestNotLeaderExceptionWithNetty
Picked up JAVA_TOOL_OPTIONS:  -XX:+PreserveFramePointer -ea
Running org.apache.ratis.netty.TestRaftReconfigurationWithNetty
Tests run: 12, Failures: 0, Errors: 0, Skipped: 0, Time elapsed: 47.29 sec - in org.apache.ratis.netty.TestRaftReconfigurationWithNetty

Results :

Failed tests: 
  TestRaftWithNetty>RaftBasicTests.testBasicAppendEntries:102->RaftBasicTests.lambda$testBasicAppendEntries$1:102 expected:<10> but was:<11>

Tests run: 22, Failures: 1, Errors: 0, Skipped: 0


[~atrivedi], the failures may be caused by some flaky tests. Could you please upload the output of your failed tests? I can do some further debugging.

Failed maven unit test logs

[~jingzhao] I have attached the complete log for mvn test failure. 

https://issues.apache.org/jira/secure/attachment/12864913/failed-test

Thanks

Hi Sen - no, not yet :( Unfortunately, I did not get enough cycles to debug this issue (or finish the disni/RPC implementation yet). May be we can have another attempt at this now. May be [~jingzhao] have some comments? 

I just updated my 0.1 branch to github master and the compilation is broken for me. Any idea what am I missing? 

[INFO] -------------------------------------------------------------
[INFO] -------------------------------------------------------------
[ERROR] COMPILATION ERROR : 
[INFO] -------------------------------------------------------------
[ERROR] /home/atr/zrl/external/github/animeshtrivedi/incubator-ratis/ratis-common/src/main/java/org/apache/ratis/util/ProtoUtils.java:[103,43] cannot find symbol
  symbol:   class RaftGroupIdProto
  location: class org.apache.ratis.util.ProtoUtils
[ERROR] /home/atr/zrl/external/github/animeshtrivedi/incubator-ratis/ratis-common/src/main/java/org/apache/ratis/util/ProtoUtils.java:[107,33] package RaftGroupIdProto does not exist
[ERROR] /home/atr/zrl/external/github/animeshtrivedi/incubator-ratis/ratis-common/src/main/java/org/apache/ratis/util/ProtoUtils.java:[111,39] cannot find symbol
  symbol:   class RaftGroupProto
  location: class org.apache.ratis.util.ProtoUtils
[ERROR] /home/atr/zrl/external/github/animeshtrivedi/incubator-ratis/ratis-common/src/main/java/org/apache/ratis/util/ProtoUtils.java:[116,31] package RaftGroupProto does not exist
[ERROR] /home/atr/zrl/external/github/animeshtrivedi/incubator-ratis/ratis-common/src/main/java/org/apache/ratis/util/ProtoUtils.java:[108,12] cannot find symbol
  symbol:   variable RaftGroupIdProto
  location: class org.apache.ratis.util.ProtoUtils
[ERROR] /home/atr/zrl/external/github/animeshtrivedi/incubator-ratis/ratis-common/src/main/java/org/apache/ratis/util/ProtoUtils.java:[117,12] cannot find symbol
  symbol:   variable RaftGroupProto
  location: class org.apache.ratis.util.ProtoUtils


Hi [~atrivedi], you probably need to re-shade; run

- mvn clean -Pclean-shade
- mvn package -DskipTests

See also https://github.com/apache/incubator-ratis/blob/master/BUILDING.md

[~atrivedi], are you able to make progress on this? Let us know if you need any help.

Hi [~jnp], many thanks for offering your help. I am trying to finish this implementation now. One thing that would be helpful is to get the maven unit tests working. Currently, I when I run mvn test, I get : 
[...]
Failed tests: 
  TestRaftWithSimulatedRpc>RaftBasicTests.testBasicAppendEntries:127->RaftBasicTests.lambda$testBasicAppendEntries$1:127 expected:<10> but was:<11>

Tests run: 65, Failures: 1, Errors: 0, Skipped: 0

[INFO] ------------------------------------------------------------------------
[INFO] Reactor Summary:
[INFO] 
[INFO] Apache Ratis ....................................... SUCCESS [  1.014 s]
[INFO] Apache Ratis Proto Shaded .......................... SUCCESS [  3.353 s]
[INFO] Apache Ratis Common ................................ SUCCESS [  5.008 s]
[INFO] Apache Ratis Client ................................ SUCCESS [  0.080 s]
[INFO] Apache Ratis Hadoop Shaded ......................... SUCCESS [  1.397 s]
[INFO] Apache Ratis Server ................................ FAILURE [01:41 min]
[INFO] Apache Ratis Hadoop Support ........................ SKIPPED
[INFO] Apache Ratis gRPC Support .......................... SKIPPED
[INFO] Apache Ratis Netty Support ......................... SKIPPED
[INFO] Apache Ratis Replicated Map ........................ SKIPPED
[INFO] Apache Ratis Project Assembly ...................... SKIPPED
[INFO] Apache Ratis Examples .............................. SKIPPED
[INFO] ------------------------------------------------------------------------
[INFO] BUILD FAILURE
[INFO] ------------------------------------------------------------------------

As I am trying get the similar functionality implemented as the gRPC or netty code, it would be helpful to have the basic tests working. Naturally, debugging in a distributed setting requires another level of testing. 

Thanks a lot ! 


[~atrivedi], Could you please run TestRaftWithSimulatedRpc individually?
{code}
mvn test -Dtest=TestRaftWithSimulatedRpc
{code}
I tried a few runs, and it passes for me on the latest code. Does it fail consistently for you?

There have been some maven changes recently. You would need to do {{mvn package -DskipTests}}, after {{mvn clean}} to get shaded jars correctly built. See latest BUILDING.md file. 
RATIS-132, once fixed, will get {{mvn clean install}} working. 

[~jnp] I build the latest code with the instructions from BUILDING.md file (and what you also suggested). And individually running the TestRaftWithSimulatedRpc works. 

The maven tests ({{mvn test}}) have been failing for me from the very beginning. They fail consistently, however where they fail is little bit non-deterministic. For example, two consecutive runs give me this: 

Run 1: 
{code}
[...]
Results :

Failed tests: 
  TestRaftWithHadoopRpc>RaftBasicTests.testBasicAppendEntries:127->RaftBasicTests.lambda$testBasicAppendEntries$1:127 expected:<10> but was:<11>

Tests run: 30, Failures: 1, Errors: 0, Skipped: 0

[INFO] ------------------------------------------------------------------------
[INFO] Reactor Summary:
[INFO] 
[INFO] Apache Ratis ....................................... SUCCESS [  0.700 s]
[INFO] Apache Ratis Proto Shaded .......................... SUCCESS [  2.413 s]
[INFO] Apache Ratis Common ................................ SUCCESS [  2.444 s]
[INFO] Apache Ratis Client ................................ SUCCESS [  0.063 s]
[INFO] Apache Ratis Hadoop Shaded ......................... SUCCESS [  1.092 s]
[INFO] Apache Ratis Server ................................ SUCCESS [01:49 min]
[INFO] Apache Ratis Hadoop Support ........................ FAILURE [02:15 min]
[INFO] Apache Ratis gRPC Support .......................... SKIPPED
[INFO] Apache Ratis Netty Support ......................... SKIPPED
[INFO] Apache Ratis Replicated Map ........................ SKIPPED
[INFO] Apache Ratis Project Assembly ...................... SKIPPED
[INFO] Apache Ratis Examples .............................. SKIPPED
[INFO] Apache Ratis RDMA/DiSNI Support .................... SKIPPED
[INFO] ------------------------------------------------------------------------
[INFO] BUILD FAILURE
[INFO] ------------------------------------------------------------------------
[INFO] Total time: 04:12 min
[INFO] Finished at: 2017-11-07T08:34:39+01:00
[INFO] Final Memory: 33M/655M
[INFO] ------------------------------------------------------------------------
[ERROR] Failed to execute goal org.apache.maven.plugins:maven-surefire-plugin:2.19.1:test (default-test) on project ratis-hadoop: There are test failures.
[...]
{code}

Run 2:
 
{code}
[...]
Results :

Tests in error: 
  TestRaftSnapshotWithGrpc>RaftSnapshotBaseTest.testBasicInstallSnapshot:203 Â»  ...

Tests run: 34, Failures: 0, Errors: 1, Skipped: 0

[INFO] ------------------------------------------------------------------------
[INFO] Reactor Summary:
[INFO] 
[INFO] Apache Ratis ....................................... SUCCESS [  0.771 s]
[INFO] Apache Ratis Proto Shaded .......................... SUCCESS [  2.424 s]
[INFO] Apache Ratis Common ................................ SUCCESS [  2.462 s]
[INFO] Apache Ratis Client ................................ SUCCESS [  0.120 s]
[INFO] Apache Ratis Hadoop Shaded ......................... SUCCESS [  1.139 s]
[INFO] Apache Ratis Server ................................ SUCCESS [01:47 min]
[INFO] Apache Ratis Hadoop Support ........................ SUCCESS [02:03 min]
[INFO] Apache Ratis gRPC Support .......................... FAILURE [03:36 min]
[INFO] Apache Ratis Netty Support ......................... SKIPPED
[INFO] Apache Ratis Replicated Map ........................ SKIPPED
[INFO] Apache Ratis Project Assembly ...................... SKIPPED
[INFO] Apache Ratis Examples .............................. SKIPPED
[INFO] Apache Ratis RDMA/DiSNI Support .................... SKIPPED
[INFO] ------------------------------------------------------------------------
[INFO] BUILD FAILURE
[INFO] ------------------------------------------------------------------------
[INFO] Total time: 07:35 min
[INFO] Finished at: 2017-11-07T08:44:11+01:00
[INFO] Final Memory: 34M/722M
[INFO] ------------------------------------------------------------------------
[ERROR] Failed to execute goal org.apache.maven.plugins:maven-surefire-plugin:2.19.1:test (default-test) on project ratis-grpc: There are test failures.
[...]
{code}

A bit of system info if it helps
{code}
Picked up JAVA_TOOL_OPTIONS:  -XX:+PreserveFramePointer -ea
[INFO] Scanning for projects...
[INFO] ------------------------------------------------------------------------
[INFO] Detecting the operating system and CPU architecture
[INFO] ------------------------------------------------------------------------
[INFO] os.detected.name: linux
[INFO] os.detected.arch: x86_64
[INFO] os.detected.version: 4.10
[INFO] os.detected.version.major: 4
[INFO] os.detected.version.minor: 10
[INFO] os.detected.release: ubuntu
[INFO] os.detected.release.version: 16.04
[INFO] os.detected.release.like.ubuntu: true
[INFO] os.detected.release.like.debian: true
[INFO] os.detected.classifier: linux-x86_64
[INFO] ------------------------------------------------------------------------
[INFO] Detecting the operating system and CPU architecture
[INFO] ------------------------------------------------------------------------
[INFO] os.detected.name: linux
[INFO] os.detected.arch: x86_64
[INFO] os.detected.release: ubuntu
[INFO] os.detected.release.version: 16.04
[INFO] os.detected.release.like.ubuntu: true
[INFO] os.detected.release.like.debian: true
[INFO] os.detected.classifier: linux-x86_64
[INFO] ------------------------------------------------------------------------
[...]
{code}

{code}
TestRaftWithHadoopRpc>RaftBasicTests.testBasicAppendEntries:127->RaftBasicTests.lambda$testBasicAppendEntries$1:127 expected:<10> but was:<11>
{code}
This seems a bug in the test.  Let me file a JIRA.

[~atrivedi], please feel free to file JIRA if you see test failures.  You may first check the output files (in ./ratis-Xxx/target/surefire-reports) and post the files in the JIRA.  Thank you in advance!

