related PRs

- https://github.com/apache/zeppelin/pull/1662
- https://github.com/apache/zeppelin/pull/1668

Github user bzz commented on the issue:

    https://github.com/apache/zeppelin/pull/1668
  
    Thank you - it's a great effort, a bit long to review so it took a while and have diverged from master.
    
    @1ambda could you rebase and also make sure it does not affect automation like https://github.com/apache/zeppelin/blob/master/dev/change_scala_version.sh ?


Github user bzz commented on the issue:

    https://github.com/apache/zeppelin/pull/1662
  
    @1ambda thank you for great effort! It's a bit hard to review as re-formatting is mixed with pom.xml modifications.
    
    How hard would be to have 2 separate PRs - one with improvements, and another one, with re-formatting?


Github user 1ambda commented on the issue:

    https://github.com/apache/zeppelin/pull/1662
  
    @bzz I couldn't consider the reviewer's point of view. I will split this! Thanks again :)


Github user 1ambda commented on the issue:

    https://github.com/apache/zeppelin/pull/1668
  
    @bzz Thanks for review! I didn't know about `change_scala_version.sh` but it is very important if it's affected
    
    There are many ways to compare, but i choose simple and reproduceable way so that other can to do again. 
    
    - run `./dev/change_scala_version.sh` in both branch `master` and `pr1668`
    - create diff files
    - compare the above files
    
    As you can see, `change_scala_version.sh` is no relevant with this PR. 
    
    ```
    $  zeppelin-review git:(master) git rev-parse HEAD
    abe03a866fc9ac2563c057d6edc00d3ec0a7d733
    $  zeppelin-review git:(master) ./dev/change_scala_version.sh 2.11
    ./dev/../alluxio/pom.xml
    ./dev/../angular/pom.xml
    ./dev/../beam/pom.xml
    ./dev/../bigquery/pom.xml
    ./dev/../cassandra/pom.xml
    ./dev/../elasticsearch/pom.xml
    ./dev/../file/pom.xml
    ./dev/../flink/pom.xml
    ./dev/../geode/pom.xml
    ./dev/../hbase/pom.xml
    ./dev/../ignite/pom.xml
    ./dev/../jdbc/pom.xml
    ./dev/../kylin/pom.xml
    ./dev/../lens/pom.xml
    ./dev/../livy/pom.xml
    ./dev/../markdown/pom.xml
    ./dev/../pig/pom.xml
    ./dev/../pom.xml
    ./dev/../postgresql/pom.xml
    ./dev/../python/pom.xml
    ./dev/../r/pom.xml
    ./dev/../scalding/pom.xml
    ./dev/../scio/pom.xml
    ./dev/../shell/pom.xml
    ./dev/../spark/pom.xml
    ./dev/../spark-dependencies/pom.xml
    ./dev/../zeppelin-display/pom.xml
    ./dev/../zeppelin-distribution/pom.xml
    ./dev/../zeppelin-examples/pom.xml
    ./dev/../zeppelin-examples/zeppelin-example-clock/pom.xml
    ./dev/../zeppelin-examples/zeppelin-example-horizontalbar/pom.xml
    ./dev/../zeppelin-interpreter/pom.xml
    ./dev/../zeppelin-server/pom.xml
    ./dev/../zeppelin-web/pom.xml
    ./dev/../zeppelin-zengine/pom.xml
    $  zeppelin-review git:(master) ✗ git diff --no-color > ~/master
    
    $ zeppelin-master git:(chore/centralize-maven-pom-versions) git rev-parse HEAD
    b724218c446f3f740238e528c86ee32864f46e92
    $ zeppelin-master git:(chore/centralize-maven-pom-versions) ./dev/change_scala_version.sh 2.11
    ./dev/../alluxio/pom.xml
    ./dev/../angular/pom.xml
    ./dev/../beam/pom.xml
    ./dev/../bigquery/pom.xml
    ./dev/../cassandra/pom.xml
    ./dev/../elasticsearch/pom.xml
    ./dev/../file/pom.xml
    ./dev/../flink/pom.xml
    ./dev/../geode/pom.xml
    ./dev/../hbase/pom.xml
    ./dev/../ignite/pom.xml
    ./dev/../jdbc/pom.xml
    ./dev/../kylin/pom.xml
    ./dev/../lens/pom.xml
    ./dev/../livy/pom.xml
    ./dev/../markdown/pom.xml
    ./dev/../pig/pom.xml
    ./dev/../pom.xml
    ./dev/../postgresql/pom.xml
    ./dev/../python/pom.xml
    ./dev/../r/pom.xml
    ./dev/../scalding/pom.xml
    ./dev/../scio/pom.xml
    ./dev/../shell/pom.xml
    ./dev/../spark/pom.xml
    ./dev/../spark-dependencies/pom.xml
    ./dev/../zeppelin-display/pom.xml
    ./dev/../zeppelin-distribution/pom.xml
    ./dev/../zeppelin-examples/pom.xml
    ./dev/../zeppelin-examples/zeppelin-example-clock/pom.xml
    ./dev/../zeppelin-examples/zeppelin-example-horizontalbar/pom.xml
    ./dev/../zeppelin-interpreter/pom.xml
    ./dev/../zeppelin-server/pom.xml
    ./dev/../zeppelin-web/pom.xml
    ./dev/../zeppelin-zengine/pom.xml
    $  zeppelin-master git:(chore/centralize-maven-pom-versions) ✗ git diff --no-color > ~/pr1668
    
    $  ~ diff master pr1668
    2c2
    < index dc31594..c4ad855 100644
    ---
    > index 02a7ab3..c821dbb 100644
    5c5
    < @@ -47,7 +47,7 @@
    ---
    > @@ -52,7 +52,7 @@
    14c14
    < @@ -59,15 +59,15 @@
    ---
    > @@ -64,15 +64,15 @@
    33c33
    < @@ -75,7 +75,7 @@
    ---
    > @@ -80,7 +80,7 @@
    43c43
    < index e425f48..7e6cc2b 100644
    ---
    > index 267eb0d..a3d0ab9 100644
    56c56
    < index 1885a1f..6ffd328 100644
    ---
    > index 7ed559f..d835f91 100644
    69c69
    < index d70c488..95b5bf9 100644
    ---
    > index 4e7ed2c..6be9e69 100644
    82c82
    < index 1e717f8..17af6bc 100644
    ---
    > index 0fc8847..af7a926 100644
    85c85
    < @@ -121,27 +121,27 @@
    ---
    > @@ -133,27 +133,27 @@
    119c119
    < @@ -181,27 +181,27 @@
    ---
    > @@ -193,27 +193,27 @@
    153c153
    < @@ -217,27 +217,27 @@
    ---
    > @@ -229,27 +229,27 @@
    188c188
    < index 2f7ac3c..491a0c9 100644
    ---
    > index ccee507..fe4a502 100644
    191,192c191
    < @@ -83,7 +83,7 @@
    <
    ---
    > @@ -84,7 +84,7 @@
    193a193
    >      <!-- language versions -->
    201c201
    < index 2dc2eef..88f09e3 100644
    ---
    > index c4ac898..e275f6e 100644
    214c214
    < index 937d11a..aff1d77 100644
    ---
    > index 83485b0..5af4ffa 100644
    227c227
    < index 27f5433..4cd3c7e 100644
    ---
    > index 5d385ac..cfafbf8 100644
    240c240
    < index 04b6983..2eb5cab 100644
    ---
    > index 0185bb7..9b98473 100644
    253c253
    < index 9e1549d..b0f52a7 100644
    ---
    > index a8d2616..126cb85 100644
    266c266
    < index d33038e..1b95436 100644
    ---
    > index 1127228..e30df11 100644
    ```



Github user bzz commented on the issue:

    https://github.com/apache/zeppelin/pull/1668
  
    Thank you for double-checking and explanations. Looks like CI is failing right now though


Github user bzz commented on the issue:

    https://github.com/apache/zeppelin/pull/1662
  
    Thanks!
    
    Looks great to me, will merge to master as soon as CI is green, if there is no further discussion.


Github user 1ambda commented on the issue:

    https://github.com/apache/zeppelin/pull/1668
  
    @bzz
    
    Failed due to not the related test. I will amend commit and trigger CI again
    
    ```
    Tests run: 3, Failures: 0, Errors: 0, Skipped: 0, Time elapsed: 110.105 sec - in org.apache.zeppelin.integration.ZeppelinIT
    
    Results :
    
    Tests in error: 
      InterpreterIT.testShowDescriptionOnInterpreterCreate:69 » ElementNotVisible El...
    
    Tests run: 18, Failures: 0, Errors: 1, Skipped: 0
    ```


Github user bzz commented on the issue:

    https://github.com/apache/zeppelin/pull/1668
  
    Looks great to me and CI is green now.
    
    Merging to master, if there is no further discussion.


GitHub user 1ambda opened a pull request:

    https://github.com/apache/zeppelin/pull/1674

    [ZEPPELIN-1695] Apply regular maven indent

    ### What is this PR for?
    
    **First of all, this PR doesn't affect on runtime application behaivor and existing build processes. Just styling all pom.xml files**
    
    We have not standardized maven indent currently. I referred [maven code convention](https://maven.apache.org/developers/conventions/code.html) and applied it to this PR.
    
    This is the sub issue of https://github.com/apache/zeppelin/pull/1662
    
    ### What type of PR is it?
    [Improvement]
    
    ### What is the Jira issue?
    
    [ZEPPELIN-1695](https://issues.apache.org/jira/browse/ZEPPELIN-1695)
    
    ### How should this be tested?
    
    CI will be enough.
    
    ### Screenshots (if appropriate)
    
    ### Questions:
    * Does the licenses files need update? - NO
    * Is there breaking changes for older versions? - NO
    * Does this needs documentation? - NO

You can merge this pull request into a Git repository by running:

    $ git pull https://github.com/1ambda/zeppelin style/fix-indent-all-pom-files

Alternatively you can review and apply these changes as the patch at:

    https://github.com/apache/zeppelin/pull/1674.patch

To close this pull request, make a commit to your master/trunk branch
with (at least) the following in the commit message:

    This closes #1674
    
----
commit 277370d2c2ab6dac12891270daa579e087e15aab
Author: 1ambda <1amb4a@gmail.com>
Date:   2016-11-24T07:49:03Z

    style: Apply regular maven indent
    
    ref - https://maven.apache.org/developers/conventions/code.html

----


Github user 1ambda commented on the issue:

    https://github.com/apache/zeppelin/pull/1674
  
    \cc @bzz for reviewing this issue. (related to https://github.com/apache/zeppelin/pull/1662)
    
    thanks!


Github user asfgit closed the pull request at:

    https://github.com/apache/zeppelin/pull/1662


Github user bzz commented on the issue:

    https://github.com/apache/zeppelin/pull/1668
  
    @1ambda it looks like rebase is needed after few other `pom.xml` modifications got merged


Github user bzz commented on the issue:

    https://github.com/apache/zeppelin/pull/1674
  
    AFAIK there is going to be at least few other changes that will most probably affect this PR i.e #1674  and #1339 - may be we should prioritize those smaller ones, and then rebase\merge this guy?
    
    What do you think, @1ambda ?


Github user 1ambda commented on the issue:

    https://github.com/apache/zeppelin/pull/1674
  
    @bzz We can rebase and merge smaller PRs first like https://github.com/apache/zeppelin/pull/1668 and #1339 you mentioned. 
    
    I will rebase #1668 first.
    



Github user 1ambda commented on the issue:

    https://github.com/apache/zeppelin/pull/1668
  
    CI failed
    
    ```
    [ERROR] COMPILATION ERROR : 
    [INFO] -------------------------------------------------------------
    [ERROR] /home/travis/build/apache/zeppelin/python/src/test/java/org/apache/zeppelin/python/PythonDockerInterpreterTest.java:[73,12] no suitable constructor found for InterpreterContext(java.lang.String,java.lang.String,java.lang.String,java.lang.String,org.apache.zeppelin.user.AuthenticationInfo,java.util.HashMap<java.lang.String,java.lang.Object>,org.apache.zeppelin.display.GUI,<nulltype>,<nulltype>,<nulltype>,org.apache.zeppelin.interpreter.InterpreterOutput)
        constructor org.apache.zeppelin.interpreter.InterpreterContext.InterpreterContext(java.lang.String,java.lang.String,java.lang.String,java.lang.String,java.lang.String,org.apache.zeppelin.user.AuthenticationInfo,java.util.Map<java.lang.String,java.lang.Object>,org.apache.zeppelin.display.GUI,org.apache.zeppelin.display.AngularObjectRegistry,org.apache.zeppelin.resource.ResourcePool,java.util.List<org.apache.zeppelin.interpreter.InterpreterContextRunner>,org.apache.zeppelin.interpreter.InterpreterOutput,org.apache.zeppelin.interpreter.remote.RemoteInterpreterEventClient) is not applicable
          (actual and formal argument lists differ in length)
        constructor org.apache.zeppelin.interpreter.InterpreterContext.InterpreterContext(java.lang.String,java.lang.String,java.lang.String,java.lang.String,java.lang.String,org.apache.zeppelin.user.AuthenticationInfo,java.util.Map<java.lang.String,java.lang.Object>,org.apache.zeppelin.display.GUI,org.apache.zeppelin.display.AngularObjectRegistry,org.apache.zeppelin.resource.ResourcePool,java.util.List<org.apache.zeppelin.interpreter.InterpreterContextRunner>,org.apache.zeppelin.interpreter.InterpreterOutput) is not applicable
          (actual and formal argument lists differ in length)
    [INFO] 1 error
    [INFO] -------------------------------------------------------------
    [INFO] ------------------------------------------------------------------------
    [INFO] Reactor Summary:
    [INFO] 
    [INFO] Zeppelin ........................................... SUCCESS [  3.075 s]
    [INFO] Zeppelin: Interpreter .............................. SUCCESS [  9.658 s]
    [INFO] Zeppelin: Zengine .................................. SUCCESS [  5.095 s]
    [INFO] Zeppelin: Display system apis ...................... SUCCESS [ 14.476 s]
    [INFO] Zeppelin: Spark dependencies ....................... SUCCESS [ 31.495 s]
    [INFO] Zeppelin: Spark .................................... SUCCESS [ 20.810 s]
    [INFO] Zeppelin: Markdown interpreter ..................... SUCCESS [  0.623 s]
    [INFO] Zeppelin: Angular interpreter ...................... SUCCESS [  0.291 s]
    [INFO] Zeppelin: Shell interpreter ........................ SUCCESS [  0.326 s]
    [INFO] Zeppelin: Livy interpreter ......................... SUCCESS [  4.728 s]
    [INFO] Zeppelin: HBase interpreter ........................ SUCCESS [  3.176 s]
    [INFO] Zeppelin: Apache Pig Interpreter ................... SUCCESS [  2.708 s]
    [INFO] Zeppelin: PostgreSQL interpreter ................... SUCCESS [  0.502 s]
    [INFO] Zeppelin: JDBC interpreter ......................... SUCCESS [  0.893 s]
    [INFO] Zeppelin: File System Interpreters ................. SUCCESS [  0.912 s]
    [INFO] Zeppelin: Flink .................................... SUCCESS [  5.955 s]
    [INFO] Zeppelin: Apache Ignite interpreter ................ SUCCESS [  0.746 s]
    [INFO] Zeppelin: Kylin interpreter ........................ SUCCESS [  0.398 s]
    [INFO] Zeppelin: Python interpreter ....................... FAILURE [  0.432 s]
    [INFO] Zeppelin: Lens interpreter ......................... SKIPPED
    [INFO] Zeppelin: Apache Cassandra interpreter ............. SKIPPED
    [INFO] Zeppelin: Elasticsearch interpreter ................ SKIPPED
    [INFO] Zeppelin: BigQuery interpreter ..................... SKIPPED
    [INFO] Zeppelin: Alluxio interpreter ...................... SKIPPED
    [INFO] Zeppelin: Scio ..................................... SKIPPED
    [INFO] Zeppelin: web Application .......................... SKIPPED
    [INFO] Zeppelin: Server ................................... SKIPPED
    [INFO] Zeppelin: Packaging distribution ................... SKIPPED
    [INFO] Zeppelin: Examples ................................. SKIPPED
    [INFO] Zeppelin: Example application - Clock .............. SKIPPED
    [INFO] Zeppelin: Example application - Horizontal Bar chart SKIPPED
    [INFO] ------------------------------------------------------------------------
    [INFO] BUILD FAILURE
    [INFO] ------------------------------------------------------------------------
    [INFO] Total time: 01:47 min
    [INFO] Finished at: 2016-11-25T04:26:43+00:00
    [INFO] Final Memory: 161M/1237M
    [INFO] ------------------------------------------------------------------------
    [ERROR] Failed to execute goal org.apache.maven.plugins:maven-compiler-plugin:3.1:testCompile (default-testCompile) on project zeppelin-python: Compilation failure
    [ERROR] /home/travis/build/apache/zeppelin/python/src/test/java/org/apache/zeppelin/python/PythonDockerInterpreterTest.java:[73,12] no suitable constructor found for InterpreterContext(java.lang.String,java.lang.String,java.lang.String,java.lang.String,org.apache.zeppelin.user.AuthenticationInfo,java.util.HashMap<java.lang.String,java.lang.Object>,org.apache.zeppelin.display.GUI,<nulltype>,<nulltype>,<nulltype>,org.apache.zeppelin.interpreter.InterpreterOutput)
    [ERROR] constructor org.apache.zeppelin.interpreter.InterpreterContext.InterpreterContext(java.lang.String,java.lang.String,java.lang.String,java.lang.String,java.lang.String,org.apache.zeppelin.user.AuthenticationInfo,java.util.Map<java.lang.String,java.lang.Object>,org.apache.zeppelin.display.GUI,org.apache.zeppelin.display.AngularObjectRegistry,org.apache.zeppelin.resource.ResourcePool,java.util.List<org.apache.zeppelin.interpreter.InterpreterContextRunner>,org.apache.zeppelin.interpreter.InterpreterOutput,org.apache.zeppelin.interpreter.remote.RemoteInterpreterEventClient) is not applicable
    [ERROR] (actual and formal argument lists differ in length)
    [ERROR] constructor org.apache.zeppelin.interpreter.InterpreterContext.InterpreterContext(java.lang.String,java.lang.String,java.lang.String,java.lang.String,java.lang.String,org.apache.zeppelin.user.AuthenticationInfo,java.util.Map<java.lang.String,java.lang.Object>,org.apache.zeppelin.display.GUI,org.apache.zeppelin.display.AngularObjectRegistry,org.apache.zeppelin.resource.ResourcePool,java.util.List<org.apache.zeppelin.interpreter.InterpreterContextRunner>,org.apache.zeppelin.interpreter.InterpreterOutput) is not applicable
    ```


GitHub user 1ambda opened a pull request:

    https://github.com/apache/zeppelin/pull/1693

    [ZEPPELIN-1695] chore: Set xml plugin phase to verify (minor)

    ### What is this PR for?
    
    Changed the phase of xml validation plugin from validate to verify so that developers can use `mvn test` in submodule dirctories
    (**this PR doesn't affect on runtime application behaivor.**)
    
    ```
    [INFO] --- xml-maven-plugin:1.0.1:validate (default) @ zeppelin-markdown ---
    [INFO] ------------------------------------------------------------------------
    [INFO] BUILD FAILURE
    [INFO] ------------------------------------------------------------------------
    [INFO] Total time: 1.643 s
    [INFO] Finished at: 2016-11-28T17:53:47+09:00
    [INFO] Final Memory: 17M/307M
    [INFO] ------------------------------------------------------------------------
    [ERROR] Failed to execute goal org.codehaus.mojo:xml-maven-plugin:1.0.1:validate (default) on project zeppelin-markdown: Failed to load schema with public ID null, system ID _tools/maven-4.0.0.xsd: /Users/lambda/github/apache-zeppelin/zeppelin-feature/markdown/_tools/maven-4.0.0.xsd (No such file or directory) -> [Help 1]
    [ERROR]
    ```
    
    ### What type of PR is it?
    [Improvement]
    
    ### Todos
    
    
    ### What is the Jira issue?
    
    [ZEPPELIN-1695](https://issues.apache.org/jira/browse/ZEPPELIN-1695?filter=-3)
    
    ### How should this be tested?
    
    ```
    $ cd markdown
    $ mvn test
    ```
    
    ### Screenshots (if appropriate)
    
    ### Questions:
    * Does the licenses files need update? - NO
    * Is there breaking changes for older versions? - NO
    * Does this needs documentation? - NO
    


You can merge this pull request into a Git repository by running:

    $ git pull https://github.com/1ambda/zeppelin chore/modify-xml-plugin-phase-to-verify

Alternatively you can review and apply these changes as the patch at:

    https://github.com/apache/zeppelin/pull/1693.patch

To close this pull request, make a commit to your master/trunk branch
with (at least) the following in the commit message:

    This closes #1693
    
----
commit cc3858b6bafbb7cb70753205069b14591b33087b
Author: 1ambda <1amb4a@gmail.com>
Date:   2016-11-28T08:09:41Z

    chore: Set xml plugin phase to verify

----


Github user soralee commented on the issue:

    https://github.com/apache/zeppelin/pull/1693
  
    Thanks @1ambda for the contribution :smile: 
    I tested on Ubuntu and it works well as expected  
    
    
    ```
    -------------------------------------------------------
     T E S T S
    -------------------------------------------------------
    Running org.apache.zeppelin.markdown.Markdown4jParserTest
    SLF4J: Class path contains multiple SLF4J bindings.
    SLF4J: Found binding in [jar:file:/home/sora/.m2/repository/org/apache/zeppelin/zeppelin-interpreter/0.7.0-SNAPSHOT/zeppelin-interpreter-0.7.0-SNAPSHOT.jar!/org/slf4j/impl/StaticLoggerBinder.class]
    SLF4J: Found binding in [jar:file:/home/sora/.m2/repository/org/slf4j/slf4j-log4j12/1.7.10/slf4j-log4j12-1.7.10.jar!/org/slf4j/impl/StaticLoggerBinder.class]
    SLF4J: See http://www.slf4j.org/codes.html#multiple_bindings for an explanation.
    SLF4J: Actual binding is of type [org.slf4j.impl.Log4jLoggerFactory]
    log4j:WARN No appenders could be found for logger (org.apache.zeppelin.interpreter.Interpreter).
    log4j:WARN Please initialize the log4j system properly.
    log4j:WARN See http://logging.apache.org/log4j/1.2/faq.html#noconfig for more info.
    Tests run: 1, Failures: 0, Errors: 0, Skipped: 0, Time elapsed: 0.162 sec - in org.apache.zeppelin.markdown.Markdown4jParserTest
    Running org.apache.zeppelin.markdown.PegdownParserTest
    Tests run: 13, Failures: 0, Errors: 0, Skipped: 0, Time elapsed: 1.888 sec - in org.apache.zeppelin.markdown.PegdownParserTest
    
    Results :
    
    Tests run: 14, Failures: 0, Errors: 0, Skipped: 0
    
    [INFO] ------------------------------------------------------------------------
    [INFO] BUILD SUCCESS
    [INFO] ------------------------------------------------------------------------
    [INFO] Total time: 7.581 s
    [INFO] Finished at: 2016-11-28T17:59:03+09:00
    [INFO] Final Memory: 20M/268M
    [INFO] ------------------------------------------------------------------------
    
    ```


Github user 1ambda commented on the issue:

    https://github.com/apache/zeppelin/pull/1668
  
    rebased to keep sync with master (+ to see CI is green as well)


Github user bzz commented on the issue:

    https://github.com/apache/zeppelin/pull/1693
  
    Looks great to me, thank you @1ambda 
    
    Merging to master if there is no further discussion.


Github user 1ambda commented on the issue:

    https://github.com/apache/zeppelin/pull/1668
  
    @bzz I think this can be merged before #1339. I guess It takes time more


Github user bzz commented on the issue:

    https://github.com/apache/zeppelin/pull/1668
  
    Sounds reasonable. CI is green, merging to master then.


Github user 1ambda commented on the issue:

    https://github.com/apache/zeppelin/pull/1668
  
    I will resolve conflict with https://github.com/apache/zeppelin/commit/4ac577f711b2d62afb2016b95b6ccc3a85afd108


Github user bzz commented on the issue:

    https://github.com/apache/zeppelin/pull/1668
  
    thanks a lot, @1ambda !


Github user asfgit closed the pull request at:

    https://github.com/apache/zeppelin/pull/1693


Github user bzz commented on the issue:

    https://github.com/apache/zeppelin/pull/1674
  
    Sounds good, let's take care of small parts first, and then rebase and merge this guys in a bulk!


Github user bzz commented on the issue:

    https://github.com/apache/zeppelin/pull/1668
  
    Thank you @1ambda !
    
    Merging to master, if there is no further discussion.


Github user bzz commented on the issue:

    https://github.com/apache/zeppelin/pull/1668
  
    Will you also add `plugin.download.version` to [spark-dependencies/pom.xml](https://github.com/apache/zeppelin/pull/1668/files#diff-457fb4186c9640eac4e0808bbd0d849e) ?


Github user 1ambda commented on the issue:

    https://github.com/apache/zeppelin/pull/1668
  
    @bzz I will add right now and push it.


Github user 1ambda commented on the issue:

    https://github.com/apache/zeppelin/pull/1668
  
    It is safe to centralise `${plugin.download.version}` only in `spark-dependency` to the root `pom.xml`
    
    ```
    $  spark-dependencies git:(chore/centralize-maven-pom-versions) ag "download-maven-plugin"
    dependency-reduced-pom.xml
    510:            <artifactId>download-maven-plugin</artifactId>
    579:            <artifactId>download-maven-plugin</artifactId>
    
    pom.xml
    827:            <artifactId>download-maven-plugin</artifactId>
    905:            <artifactId>download-maven-plugin</artifactId>
    984:        <artifactId>download-maven-plugin</artifactId>
    $  spark-dependencies git:(chore/centralize-maven-pom-versions)
    ```


Github user bzz commented on the issue:

    https://github.com/apache/zeppelin/pull/1668
  
    Looks like it need a final re-base here


Github user bzz commented on the issue:

    https://github.com/apache/zeppelin/pull/1668
  
    Waiting for CI to finish on https://travis-ci.org/1ambda/zeppelin/
    
    Will merge to master right after that, if there is no further discussion.


Github user bzz commented on the issue:

    https://github.com/apache/zeppelin/pull/1668
  
    2 Scala 2.11 profiles failed on IgniteSQL tests - a flaky test tracked under [ZEPPELIN-1738](https://issues.apache.org/jira/browse/ZEPPELIN-1738l)
    
    ```
    Tests run: 2, Failures: 1, Errors: 0, Skipped: 0, Time elapsed: 1.116 sec <<< FAILURE! - in org.apache.zeppelin.ignite.IgniteSqlInterpreterTest
    testSql(org.apache.zeppelin.ignite.IgniteSqlInterpreterTest)  Time elapsed: 0.909 sec  <<< FAILURE!
    java.lang.AssertionError: expected:<SUCCESS> but was:<ERROR>
    	at org.junit.Assert.fail(Assert.java:88)
    	at org.junit.Assert.failNotEquals(Assert.java:743)
    	at org.junit.Assert.assertEquals(Assert.java:118)
    	at org.junit.Assert.assertEquals(Assert.java:144)
    	at org.apache.zeppelin.ignite.IgniteSqlInterpreterTest.testSql(IgniteSqlInterpreterTest.java:95)
    
    
    Results :
    
    Failed tests: 
      IgniteSqlInterpreterTest.testSql:95 expected:<SUCCESS> but was:<ERROR>
    
    Tests run: 4, Failures: 1, Errors: 0, Skipped: 0
    ```
    which is not relevant to the change.


Github user asfgit closed the pull request at:

    https://github.com/apache/zeppelin/pull/1668


GitHub user 1ambda opened a pull request:

    https://github.com/apache/zeppelin/pull/1727

    [ZEPPELIN-1695] Use shared versions in test libraries (maven)

    ### What is this PR for?
    
    Use shared test library versions in maven config so that version fragment doesn't be fragmented. 
    Previously we used multiple versions of 
    
    - Junit (4.11, 4.12)
    - mockito (1.9.0, 1.10.8, ...)
    - powermock (...)
    
    ### What type of PR is it?
    [Improvement]
    
    ### What is the Jira issue?
    
    [ZEPPELIN-1695](https://issues.apache.org/jira/browse/ZEPPELIN-1695)
    
    ### How should this be tested?
    
    Use this command to see test libraries share versions or not
    
    ```
    $ mvn org.apache.maven.plugins:maven-help-plugin:2.2:effective-pom | vim -
    ```
    
    ### Questions:
    * Does the licenses files need update? - YES, I updated JUnit version to 4.12 from 4.11
    * Is there breaking changes for older versions? - NO
    * Does this needs documentation? - NO


You can merge this pull request into a Git repository by running:

    $ git pull https://github.com/1ambda/zeppelin feat/centralise-testing-libraries

Alternatively you can review and apply these changes as the patch at:

    https://github.com/apache/zeppelin/pull/1727.patch

To close this pull request, make a commit to your master/trunk branch
with (at least) the following in the commit message:

    This closes #1727
    
----
commit 99f6399d9a4594fecfdf6ec91d1fdc82c3b0f74e
Author: 1ambda <1amb4a@gmail.com>
Date:   2016-12-05T04:16:05Z

    chore: Update junit to 4.12

commit 0a70337084c2a2701c0810f85d8bd65029adc459
Author: 1ambda <1amb4a@gmail.com>
Date:   2016-12-05T04:34:09Z

    chore: Shared mockito, powermock version

----


Github user felixcheung commented on the issue:

    https://github.com/apache/zeppelin/pull/1727
  
    LGTM


Github user Leemoonsoo commented on the issue:

    https://github.com/apache/zeppelin/pull/1727
  
    LGTM!


Github user bzz commented on the issue:

    https://github.com/apache/zeppelin/pull/1727
  
    Looks great to me, thank you @1ambda for valuable build improvements!
    
    Merging to master if there is no further discussion.


Github user asfgit closed the pull request at:

    https://github.com/apache/zeppelin/pull/1727


Github user 1ambda commented on the issue:

    https://github.com/apache/zeppelin/pull/1674
  
    Let's close. Since it's outdated.


Github user 1ambda closed the pull request at:

    https://github.com/apache/zeppelin/pull/1674


