I am getting test failures related to Netty:
[junit] Running org.apache.zookeeper.test.NettyNettySuiteHammerTest
[junit] Running org.apache.zookeeper.test.NettyNettySuiteHammerTest
[junit] Tests run: 1, Failures: 0, Errors: 1, Skipped: 0, Time elapsed: 0 sec
[junit] Test org.apache.zookeeper.test.NettyNettySuiteHammerTest FAILED (crashed)
[junit] Running org.apache.zookeeper.test.NettyNettySuiteTest
[junit] Tests run: 101, Failures: 0, Errors: 26, Skipped: 0, Time elapsed: 247.238 sec
[junit] Test org.apache.zookeeper.test.NettyNettySuiteTest FAILED
[junit] Running org.apache.zookeeper.test.NioNettySuiteHammerTest
[junit] Tests run: 2, Failures: 0, Errors: 0, Skipped: 0, Time elapsed: 75.519 sec
on machine rhel, ppc64le. for master branch.
